<?xml version="1.0" encoding="UTF-8" standalone="yes"?><!DOCTYPE report PUBLIC "-//JACOCO//DTD Report 1.1//EN" "report.dtd"><report name="makeself-maven-plugin"><sessioninfo id="JeremyDesktop-422f6703" start="1781231046527" dump="1781231049013"/><package name="com/github/hazendaz/maven/makeself_maven_plugin"><class name="com/github/hazendaz/maven/makeself_maven_plugin/HelpMojo" sourcefilename="HelpMojo.java"><method name="&lt;init&gt;" desc="()V" line="28"><counter type="INSTRUCTION" missed="0" covered="3"/><counter type="LINE" missed="0" covered="1"/><counter type="COMPLEXITY" missed="0" covered="1"/><counter type="METHOD" missed="0" covered="1"/></method><method name="build" desc="()Lorg/w3c/dom/Document;" line="68"><counter type="INSTRUCTION" missed="29" covered="22"/><counter type="BRANCH" missed="1" covered="1"/><counter type="LINE" missed="7" covered="6"/><counter type="COMPLEXITY" missed="1" covered="1"/><counter type="METHOD" missed="0" covered="1"/></method><method name="execute" desc="()V" line="100"><counter type="INSTRUCTION" missed="15" covered="139"/><counter type="BRANCH" missed="8" covered="12"/><counter type="LINE" missed="3" covered="28"/><counter type="COMPLEXITY" missed="7" covered="4"/><counter type="METHOD" missed="0" covered="1"/></method><method name="isNotEmpty" desc="(Ljava/lang/String;)Z" line="165"><counter type="INSTRUCTION" missed="0" covered="9"/><counter type="BRANCH" missed="0" covered="4"/><counter type="LINE" missed="0" covered="1"/><counter type="COMPLEXITY" missed="0" covered="3"/><counter type="METHOD" missed="0" covered="1"/></method><method name="getValue" desc="(Lorg/w3c/dom/Node;Ljava/lang/String;)Ljava/lang/String;" line="171"><counter type="INSTRUCTION" missed="0" covered="5"/><counter type="LINE" missed="0" covered="1"/><counter type="COMPLEXITY" missed="0" covered="1"/><counter type="METHOD" missed="0" covered="1"/></method><method name="getSingleChild" desc="(Lorg/w3c/dom/Node;Ljava/lang/String;)Lorg/w3c/dom/Node;" line="177"><counter type="INSTRUCTION" missed="12" covered="16"/><counter type="BRANCH" missed="2" covered="2"/><counter type="LINE" missed="2" covered="4"/><counter type="COMPLEXITY" missed="2" covered="1"/><counter type="METHOD" missed="0" covered="1"/></method><method name="findNamedChild" desc="(Lorg/w3c/dom/Node;Ljava/lang/String;)Ljava/util/List;" line="191"><counter type="INSTRUCTION" missed="0" covered="30"/><counter type="BRANCH" missed="0" covered="4"/><counter type="LINE" missed="0" covered="7"/><counter type="COMPLEXITY" missed="0" covered="3"/><counter type="METHOD" missed="0" covered="1"/></method><method name="findSingleChild" desc="(Lorg/w3c/dom/Node;Ljava/lang/String;)Lorg/w3c/dom/Node;" line="207"><counter type="INSTRUCTION" missed="6" covered="18"/><counter type="BRANCH" missed="1" covered="3"/><counter type="LINE" missed="1" covered="5"/><counter type="COMPLEXITY" missed="1" covered="2"/><counter type="METHOD" missed="0" covered="1"/></method><method name="writeGoal" desc="(Ljava/lang/StringBuilder;Ljava/lang/String;Lorg/w3c/dom/Element;)V" line="222"><counter type="INSTRUCTION" missed="28" covered="88"/><counter type="BRANCH" missed="9" covered="11"/><counter type="LINE" missed="4" covered="19"/><counter type="COMPLEXITY" missed="6" covered="5"/><counter type="METHOD" missed="0" covered="1"/></method><method name="writeParameter" desc="(Ljava/lang/StringBuilder;Lorg/w3c/dom/Node;Lorg/w3c/dom/Node;)V" line="262"><counter type="INSTRUCTION" missed="16" covered="84"/><counter type="BRANCH" missed="8" covered="10"/><counter type="LINE" missed="2" covered="20"/><counter type="COMPLEXITY" missed="7" covered="3"/><counter type="METHOD" missed="0" covered="1"/></method><method name="repeat" desc="(Ljava/lang/String;I)Ljava/lang/String;" line="310"><counter type="INSTRUCTION" missed="0" covered="22"/><counter type="BRANCH" missed="0" covered="2"/><counter type="LINE" missed="0" covered="4"/><counter type="COMPLEXITY" missed="0" covered="2"/><counter type="METHOD" missed="0" covered="1"/></method><method name="append" desc="(Ljava/lang/StringBuilder;Ljava/lang/String;I)V" line="330"><counter type="INSTRUCTION" missed="0" covered="24"/><counter type="BRANCH" missed="0" covered="2"/><counter type="LINE" missed="0" covered="4"/><counter type="COMPLEXITY" missed="0" covered="2"/><counter type="METHOD" missed="0" covered="1"/></method><method name="toLines" desc="(Ljava/lang/String;III)Ljava/util/List;" line="348"><counter type="INSTRUCTION" missed="0" covered="37"/><counter type="BRANCH" missed="0" covered="2"/><counter type="LINE" missed="0" covered="6"/><counter type="COMPLEXITY" missed="0" covered="2"/><counter type="METHOD" missed="0" covered="1"/></method><method name="toLines" desc="(Ljava/util/List;Ljava/lang/String;II)V" line="372"><counter type="INSTRUCTION" missed="0" covered="104"/><counter type="BRANCH" missed="0" covered="12"/><counter type="LINE" missed="0" covered="19"/><counter type="COMPLEXITY" missed="0" covered="7"/><counter type="METHOD" missed="0" covered="1"/></method><method name="getIndentLevel" desc="(Ljava/lang/String;)I" line="421"><counter type="INSTRUCTION" missed="0" covered="40"/><counter type="BRANCH" missed="0" covered="10"/><counter type="LINE" missed="0" covered="8"/><counter type="COMPLEXITY" missed="0" covered="6"/><counter type="METHOD" missed="0" covered="1"/></method><method name="getPropertyFromExpression" desc="(Ljava/lang/String;)Ljava/lang/String;" line="439"><counter type="INSTRUCTION" missed="0" covered="26"/><counter type="BRANCH" missed="0" covered="8"/><counter type="LINE" missed="0" covered="4"/><counter type="COMPLEXITY" missed="0" covered="5"/><counter type="METHOD" missed="0" covered="1"/></method><counter type="INSTRUCTION" missed="106" covered="667"/><counter type="BRANCH" missed="29" covered="83"/><counter type="LINE" missed="19" covered="137"/><counter type="COMPLEXITY" missed="24" covered="48"/><counter type="METHOD" missed="0" covered="16"/><counter type="CLASS" missed="0" covered="1"/></class><sourcefile name="HelpMojo.java"><line nr="28" mi="0" ci="3" mb="0" cb="0"/><line nr="68" mi="0" ci="4" mb="0" cb="0"/><line nr="69" mi="0" ci="5" mb="0" cb="0"/><line nr="71" mi="0" ci="2" mb="1" cb="1"/><line nr="73" mi="5" ci="0" mb="0" cb="0"/><line nr="75" mi="0" ci="2" mb="0" cb="0"/><line nr="76" mi="0" ci="3" mb="0" cb="0"/><line nr="77" mi="0" ci="6" mb="0" cb="0"/><line nr="79" mi="1" ci="0" mb="0" cb="0"/><line nr="81" mi="7" ci="0" mb="0" cb="0"/><line nr="83" mi="1" ci="0" mb="0" cb="0"/><line nr="85" mi="7" ci="0" mb="0" cb="0"/><line nr="87" mi="1" ci="0" mb="0" cb="0"/><line nr="89" mi="7" ci="0" mb="0" cb="0"/><line nr="100" mi="0" ci="3" mb="1" cb="1"/><line nr="102" mi="0" ci="4" mb="0" cb="0"/><line nr="103" mi="0" ci="3" mb="0" cb="0"/><line nr="105" mi="0" ci="3" mb="1" cb="1"/><line nr="107" mi="0" ci="4" mb="0" cb="0"/><line nr="108" mi="0" ci="3" mb="0" cb="0"/><line nr="111" mi="0" ci="3" mb="0" cb="0"/><line nr="113" mi="0" ci="4" mb="0" cb="0"/><line nr="114" mi="0" ci="4" mb="0" cb="0"/><line nr="117" mi="0" ci="4" mb="0" cb="0"/><line nr="118" mi="0" ci="4" mb="0" cb="0"/><line nr="119" mi="0" ci="9" mb="0" cb="0"/><line nr="120" mi="0" ci="7" mb="2" cb="2"/><line nr="122" mi="0" ci="8" mb="0" cb="0"/><line nr="126" mi="3" ci="0" mb="2" cb="0"/><line nr="128" mi="6" ci="0" mb="0" cb="0"/><line nr="132" mi="5" ci="0" mb="0" cb="0"/><line nr="135" mi="0" ci="7" mb="0" cb="0"/><line nr="136" mi="0" ci="5" mb="0" cb="0"/><line nr="139" mi="0" ci="4" mb="0" cb="0"/><line nr="141" mi="0" ci="4" mb="0" cb="0"/><line nr="143" mi="0" ci="4" mb="0" cb="0"/><line nr="145" mi="0" ci="7" mb="1" cb="3"/><line nr="147" mi="1" ci="13" mb="1" cb="1"/><line nr="148" mi="0" ci="5" mb="0" cb="0"/><line nr="151" mi="0" ci="10" mb="0" cb="2"/><line nr="153" mi="0" ci="6" mb="0" cb="0"/><line nr="154" mi="0" ci="1" mb="0" cb="0"/><line nr="156" mi="0" ci="4" mb="0" cb="2"/><line nr="158" mi="0" ci="5" mb="0" cb="0"/><line nr="160" mi="0" ci="1" mb="0" cb="0"/><line nr="165" mi="0" ci="9" mb="0" cb="4"/><line nr="171" mi="0" ci="5" mb="0" cb="0"/><line nr="177" mi="0" ci="4" mb="0" cb="0"/><line nr="178" mi="0" ci="3" mb="1" cb="1"/><line nr="180" mi="6" ci="0" mb="0" cb="0"/><line nr="182" mi="0" ci="4" mb="1" cb="1"/><line nr="184" mi="6" ci="0" mb="0" cb="0"/><line nr="186" mi="0" ci="5" mb="0" cb="0"/><line nr="191" mi="0" ci="4" mb="0" cb="0"/><line nr="192" mi="0" ci="3" mb="0" cb="0"/><line nr="193" mi="0" ci="8" mb="0" cb="2"/><line nr="195" mi="0" ci="4" mb="0" cb="0"/><line nr="196" mi="0" ci="5" mb="0" cb="2"/><line nr="198" mi="0" ci="4" mb="0" cb="0"/><line nr="201" mi="0" ci="2" mb="0" cb="0"/><line nr="207" mi="0" ci="4" mb="0" cb="0"/><line nr="208" mi="0" ci="3" mb="0" cb="2"/><line nr="210" mi="0" ci="2" mb="0" cb="0"/><line nr="212" mi="0" ci="4" mb="1" cb="1"/><line nr="214" mi="6" ci="0" mb="0" cb="0"/><line nr="216" mi="0" ci="5" mb="0" cb="0"/><line nr="222" mi="0" ci="4" mb="0" cb="0"/><line nr="223" mi="0" ci="4" mb="0" cb="0"/><line nr="224" mi="0" ci="4" mb="0" cb="0"/><line nr="225" mi="0" ci="12" mb="1" cb="5"/><line nr="227" mi="0" ci="7" mb="0" cb="0"/><line nr="228" mi="0" ci="4" mb="0" cb="0"/><line nr="229" mi="4" ci="2" mb="3" cb="1"/><line nr="231" mi="7" ci="0" mb="0" cb="0"/><line nr="232" mi="5" ci="0" mb="4" cb="0"/><line nr="234" mi="5" ci="0" mb="0" cb="0"/><line nr="235" mi="7" ci="0" mb="0" cb="0"/><line nr="238" mi="0" ci="2" mb="1" cb="1"/><line nr="240" mi="0" ci="6" mb="0" cb="0"/><line nr="242" mi="0" ci="5" mb="0" cb="0"/><line nr="244" mi="0" ci="3" mb="0" cb="2"/><line nr="246" mi="0" ci="4" mb="0" cb="0"/><line nr="247" mi="0" ci="4" mb="0" cb="0"/><line nr="248" mi="0" ci="5" mb="0" cb="0"/><line nr="249" mi="0" ci="5" mb="0" cb="0"/><line nr="251" mi="0" ci="10" mb="0" cb="2"/><line nr="253" mi="0" ci="5" mb="0" cb="0"/><line nr="254" mi="0" ci="1" mb="0" cb="0"/><line nr="257" mi="0" ci="1" mb="0" cb="0"/><line nr="262" mi="0" ci="4" mb="0" cb="0"/><line nr="263" mi="0" ci="4" mb="0" cb="0"/><line nr="265" mi="0" ci="2" mb="0" cb="0"/><line nr="266" mi="0" ci="2" mb="1" cb="1"/><line nr="268" mi="0" ci="5" mb="0" cb="0"/><line nr="271" mi="0" ci="2" mb="0" cb="0"/><line nr="272" mi="0" ci="6" mb="1" cb="3"/><line nr="274" mi="0" ci="5" mb="0" cb="0"/><line nr="276" mi="0" ci="7" mb="0" cb="0"/><line nr="277" mi="0" ci="4" mb="0" cb="0"/><line nr="278" mi="4" ci="2" mb="3" cb="1"/><line nr="280" mi="7" ci="0" mb="0" cb="0"/><line nr="281" mi="5" ci="0" mb="0" cb="0"/><line nr="283" mi="0" ci="3" mb="1" cb="1"/><line nr="284" mi="0" ci="5" mb="0" cb="0"/><line nr="286" mi="0" ci="6" mb="0" cb="2"/><line nr="288" mi="0" ci="5" mb="0" cb="0"/><line nr="290" mi="0" ci="6" mb="2" cb="2"/><line nr="292" mi="0" ci="4" mb="0" cb="0"/><line nr="293" mi="0" ci="6" mb="0" cb="0"/><line nr="296" mi="0" ci="5" mb="0" cb="0"/><line nr="297" mi="0" ci="1" mb="0" cb="0"/><line nr="310" mi="0" ci="8" mb="0" cb="0"/><line nr="312" mi="0" ci="7" mb="0" cb="2"/><line nr="314" mi="0" ci="4" mb="0" cb="0"/><line nr="317" mi="0" ci="3" mb="0" cb="0"/><line nr="330" mi="0" ci="16" mb="0" cb="2"/><line nr="332" mi="0" ci="6" mb="0" cb="0"/><line nr="333" mi="0" ci="1" mb="0" cb="0"/><line nr="334" mi="0" ci="1" mb="0" cb="0"/><line nr="348" mi="0" ci="4" mb="0" cb="0"/><line nr="350" mi="0" ci="4" mb="0" cb="0"/><line nr="352" mi="0" ci="4" mb="0" cb="0"/><line nr="354" mi="0" ci="16" mb="0" cb="2"/><line nr="356" mi="0" ci="7" mb="0" cb="0"/><line nr="359" mi="0" ci="2" mb="0" cb="0"/><line nr="372" mi="0" ci="3" mb="0" cb="0"/><line nr="373" mi="0" ci="5" mb="0" cb="0"/><line nr="375" mi="0" ci="4" mb="0" cb="0"/><line nr="377" mi="0" ci="16" mb="0" cb="2"/><line nr="379" mi="0" ci="3" mb="0" cb="2"/><line nr="381" mi="0" ci="7" mb="0" cb="2"/><line nr="383" mi="0" ci="5" mb="0" cb="0"/><line nr="384" mi="0" ci="3" mb="0" cb="0"/><line nr="385" mi="0" ci="9" mb="0" cb="0"/><line nr="389" mi="0" ci="4" mb="0" cb="0"/><line nr="393" mi="0" ci="8" mb="0" cb="2"/><line nr="395" mi="0" ci="4" mb="0" cb="0"/><line nr="396" mi="0" ci="3" mb="0" cb="2"/><line nr="398" mi="0" ci="12" mb="0" cb="0"/><line nr="400" mi="0" ci="3" mb="0" cb="2"/><line nr="402" mi="0" ci="5" mb="0" cb="0"/><line nr="406" mi="0" ci="4" mb="0" cb="0"/><line nr="410" mi="0" ci="5" mb="0" cb="0"/><line nr="411" mi="0" ci="1" mb="0" cb="0"/><line nr="421" mi="0" ci="2" mb="0" cb="0"/><line nr="422" mi="0" ci="13" mb="0" cb="4"/><line nr="424" mi="0" ci="1" mb="0" cb="0"/><line nr="426" mi="0" ci="15" mb="0" cb="4"/><line nr="428" mi="0" ci="5" mb="0" cb="2"/><line nr="430" mi="0" ci="1" mb="0" cb="0"/><line nr="431" mi="0" ci="1" mb="0" cb="0"/><line nr="434" mi="0" ci="2" mb="0" cb="0"/><line nr="439" mi="0" ci="12" mb="0" cb="6"/><line nr="440" mi="0" ci="4" mb="0" cb="2"/><line nr="443" mi="0" ci="8" mb="0" cb="0"/><line nr="446" mi="0" ci="2" mb="0" cb="0"/><counter type="INSTRUCTION" missed="106" covered="667"/><counter type="BRANCH" missed="29" covered="83"/><counter type="LINE" missed="19" covered="137"/><counter type="COMPLEXITY" missed="24" covered="48"/><counter type="METHOD" missed="0" covered="16"/><counter type="CLASS" missed="0" covered="1"/></sourcefile><counter type="INSTRUCTION" missed="106" covered="667"/><counter type="BRANCH" missed="29" covered="83"/><counter type="LINE" missed="19" covered="137"/><counter type="COMPLEXITY" missed="24" covered="48"/><counter type="METHOD" missed="0" covered="16"/><counter type="CLASS" missed="0" covered="1"/></package><package name="com/hazendaz/maven/makeself"><class name="com/hazendaz/maven/makeself/AbstractGitMojo" sourcefilename="AbstractGitMojo.java"><method name="&lt;init&gt;" desc="()V" line="55"><counter type="INSTRUCTION" missed="0" covered="3"/><counter type="LINE" missed="0" covered="1"/><counter type="COMPLEXITY" missed="0" covered="1"/><counter type="METHOD" missed="0" covered="1"/></method><method name="isWindows" desc="()Z" line="70"><counter type="INSTRUCTION" missed="2" covered="0"/><counter type="LINE" missed="1" covered="0"/><counter type="COMPLEXITY" missed="1" covered="0"/><counter type="METHOD" missed="1" covered="0"/></method><method name="checkGitSetup" desc="()V" line="103"><counter type="INSTRUCTION" missed="0" covered="10"/><counter type="LINE" missed="0" covered="3"/><counter type="COMPLEXITY" missed="0" covered="1"/><counter type="METHOD" missed="0" covered="1"/></method><method name="extractPortableGit" desc="()V" line="116"><counter type="INSTRUCTION" missed="0" covered="115"/><counter type="BRANCH" missed="0" covered="4"/><counter type="LINE" missed="0" covered="24"/><counter type="COMPLEXITY" missed="0" covered="3"/><counter type="METHOD" missed="0" covered="1"/></method><method name="installGit" desc="(Lorg/eclipse/aether/artifact/Artifact;Ljava/lang/String;)V" line="154"><counter type="INSTRUCTION" missed="8" covered="143"/><counter type="BRANCH" missed="1" covered="9"/><counter type="LINE" missed="3" covered="30"/><counter type="COMPLEXITY" missed="1" covered="5"/><counter type="METHOD" missed="0" covered="1"/></method><method name="runInstaller" desc="(Ljava/util/List;)V" line="212"><counter type="INSTRUCTION" missed="16" covered="50"/><counter type="BRANCH" missed="1" covered="3"/><counter type="LINE" missed="1" covered="13"/><counter type="COMPLEXITY" missed="1" covered="2"/><counter type="METHOD" missed="0" covered="1"/></method><method name="&lt;clinit&gt;" desc="()V" line="58"><counter type="INSTRUCTION" missed="0" covered="6"/><counter type="LINE" missed="0" covered="1"/><counter type="COMPLEXITY" missed="0" covered="1"/><counter type="METHOD" missed="0" covered="1"/></method><counter type="INSTRUCTION" missed="26" covered="327"/><counter type="BRANCH" missed="2" covered="16"/><counter type="LINE" missed="5" covered="72"/><counter type="COMPLEXITY" missed="3" covered="13"/><counter type="METHOD" missed="1" covered="6"/><counter type="CLASS" missed="0" covered="1"/></class><class name="com/hazendaz/maven/makeself/PortableGit" sourcefilename="PortableGit.java"><method name="getGroupId" desc="()Ljava/lang/String;" line="56"><counter type="INSTRUCTION" missed="0" covered="3"/><counter type="LINE" missed="0" covered="1"/><counter type="COMPLEXITY" missed="0" covered="1"/><counter type="METHOD" missed="0" covered="1"/></method><method name="getArtifactId" desc="()Ljava/lang/String;" line="65"><counter type="INSTRUCTION" missed="0" covered="3"/><counter type="LINE" missed="0" covered="1"/><counter type="COMPLEXITY" missed="0" covered="1"/><counter type="METHOD" missed="0" covered="1"/></method><method name="getVersion" desc="()Ljava/lang/String;" line="74"><counter type="INSTRUCTION" missed="0" covered="3"/><counter type="LINE" missed="0" covered="1"/><counter type="COMPLEXITY" missed="0" covered="1"/><counter type="METHOD" missed="0" covered="1"/></method><method name="getExtension" desc="()Ljava/lang/String;" line="83"><counter type="INSTRUCTION" missed="0" covered="3"/><counter type="LINE" missed="0" covered="1"/><counter type="COMPLEXITY" missed="0" covered="1"/><counter type="METHOD" missed="0" covered="1"/></method><method name="getClassifier" desc="()Ljava/lang/String;" line="92"><counter type="INSTRUCTION" missed="0" covered="3"/><counter type="LINE" missed="0" covered="1"/><counter type="COMPLEXITY" missed="0" covered="1"/><counter type="METHOD" missed="0" covered="1"/></method><method name="getName" desc="()Ljava/lang/String;" line="101"><counter type="INSTRUCTION" missed="0" covered="3"/><counter type="LINE" missed="0" covered="1"/><counter type="COMPLEXITY" missed="0" covered="1"/><counter type="METHOD" missed="0" covered="1"/></method><method name="&lt;init&gt;" desc="(Lorg/apache/maven/plugin/logging/Log;)V" line="113"><counter type="INSTRUCTION" missed="9" covered="47"/><counter type="LINE" missed="3" covered="12"/><counter type="COMPLEXITY" missed="0" covered="1"/><counter type="METHOD" missed="0" covered="1"/></method><counter type="INSTRUCTION" missed="9" covered="65"/><counter type="LINE" missed="3" covered="18"/><counter type="COMPLEXITY" missed="0" covered="7"/><counter type="METHOD" missed="0" covered="7"/><counter type="CLASS" missed="0" covered="1"/></class><class name="com/hazendaz/maven/makeself/ProcessUtils" sourcefilename="ProcessUtils.java"><method name="&lt;init&gt;" desc="()V" line="23"><counter type="INSTRUCTION" missed="0" covered="3"/><counter type="LINE" missed="0" covered="1"/><counter type="COMPLEXITY" missed="0" covered="1"/><counter type="METHOD" missed="0" covered="1"/></method><counter type="INSTRUCTION" missed="0" covered="3"/><counter type="LINE" missed="0" covered="1"/><counter type="COMPLEXITY" missed="0" covered="1"/><counter type="METHOD" missed="0" covered="1"/><counter type="CLASS" missed="0" covered="1"/></class><class name="com/hazendaz/maven/makeself/MakeselfMojo" sourcefilename="MakeselfMojo.java"><method name="&lt;init&gt;" desc="()V" line="51"><counter type="INSTRUCTION" missed="0" covered="3"/><counter type="LINE" missed="0" covered="1"/><counter type="COMPLEXITY" missed="0" covered="1"/><counter type="METHOD" missed="0" covered="1"/></method><method name="execute" desc="()V" line="551"><counter type="INSTRUCTION" missed="300" covered="93"/><counter type="BRANCH" missed="19" covered="11"/><counter type="LINE" missed="45" covered="17"/><counter type="COMPLEXITY" missed="11" covered="5"/><counter type="METHOD" missed="0" covered="1"/></method><method name="execute" desc="(Ljava/util/List;Z)V" line="676"><counter type="INSTRUCTION" missed="221" covered="0"/><counter type="BRANCH" missed="20" covered="0"/><counter type="LINE" missed="38" covered="0"/><counter type="COMPLEXITY" missed="11" covered="0"/><counter type="METHOD" missed="1" covered="0"/></method><method name="extractMakeself" desc="()V" line="746"><counter type="INSTRUCTION" missed="30" covered="118"/><counter type="BRANCH" missed="1" covered="7"/><counter type="LINE" missed="7" covered="24"/><counter type="COMPLEXITY" missed="1" covered="4"/><counter type="METHOD" missed="0" covered="1"/></method><method name="setFilePermissions" desc="(Ljava/io/File;)V" line="789"><counter type="INSTRUCTION" missed="0" covered="39"/><counter type="BRANCH" missed="0" covered="2"/><counter type="LINE" missed="0" covered="4"/><counter type="COMPLEXITY" missed="0" covered="2"/><counter type="METHOD" missed="0" covered="1"/></method><method name="setPosixFilePermissions" desc="(Ljava/nio/file/Path;)V" line="797"><counter type="INSTRUCTION" missed="36" covered="10"/><counter type="LINE" missed="5" covered="4"/><counter type="COMPLEXITY" missed="0" covered="1"/><counter type="METHOD" missed="0" covered="1"/></method><method name="loadArgs" desc="()Ljava/util/List;" line="817"><counter type="INSTRUCTION" missed="0" covered="544"/><counter type="BRANCH" missed="0" covered="106"/><counter type="LINE" missed="0" covered="127"/><counter type="COMPLEXITY" missed="0" covered="54"/><counter type="METHOD" missed="0" covered="1"/></method><method name="isTrue" desc="(Ljava/lang/Boolean;)Z" line="1151"><counter type="INSTRUCTION" missed="0" covered="7"/><counter type="BRANCH" missed="0" covered="2"/><counter type="LINE" missed="0" covered="3"/><counter type="COMPLEXITY" missed="0" covered="2"/><counter type="METHOD" missed="0" covered="1"/></method><counter type="INSTRUCTION" missed="587" covered="814"/><counter type="BRANCH" missed="40" covered="128"/><counter type="LINE" missed="95" covered="180"/><counter type="COMPLEXITY" missed="23" covered="69"/><counter type="METHOD" missed="1" covered="7"/><counter type="CLASS" missed="0" covered="1"/></class><class name="com/hazendaz/maven/makeself/GitMojo" sourcefilename="GitMojo.java"><method name="&lt;init&gt;" desc="()V" line="41"><counter type="INSTRUCTION" missed="0" covered="3"/><counter type="LINE" missed="0" covered="1"/><counter type="COMPLEXITY" missed="0" covered="1"/><counter type="METHOD" missed="0" covered="1"/></method><method name="execute" desc="()V" line="50"><counter type="INSTRUCTION" missed="42" covered="14"/><counter type="BRANCH" missed="8" covered="2"/><counter type="LINE" missed="9" covered="5"/><counter type="COMPLEXITY" missed="5" covered="1"/><counter type="METHOD" missed="0" covered="1"/></method><counter type="INSTRUCTION" missed="42" covered="17"/><counter type="BRANCH" missed="8" covered="2"/><counter type="LINE" missed="9" covered="6"/><counter type="COMPLEXITY" missed="5" covered="2"/><counter type="METHOD" missed="0" covered="2"/><counter type="CLASS" missed="0" covered="1"/></class><sourcefile name="GitMojo.java"><line nr="41" mi="0" ci="3" mb="0" cb="0"/><line nr="50" mi="0" ci="3" mb="1" cb="1"/><line nr="51" mi="0" ci="3" mb="0" cb="0"/><line nr="55" mi="0" ci="3" mb="1" cb="1"/><line nr="56" mi="0" ci="4" mb="0" cb="0"/><line nr="57" mi="0" ci="1" mb="0" cb="0"/><line nr="60" mi="3" ci="0" mb="2" cb="0"/><line nr="61" mi="4" ci="0" mb="0" cb="0"/><line nr="62" mi="1" ci="0" mb="0" cb="0"/><line nr="66" mi="13" ci="0" mb="4" cb="0"/><line nr="67" mi="6" ci="0" mb="0" cb="0"/><line nr="68" mi="6" ci="0" mb="0" cb="0"/><line nr="71" mi="2" ci="0" mb="0" cb="0"/><line nr="74" mi="6" ci="0" mb="0" cb="0"/><line nr="75" mi="1" ci="0" mb="0" cb="0"/><counter type="INSTRUCTION" missed="42" covered="17"/><counter type="BRANCH" missed="8" covered="2"/><counter type="LINE" missed="9" covered="6"/><counter type="COMPLEXITY" missed="5" covered="2"/><counter type="METHOD" missed="0" covered="2"/><counter type="CLASS" missed="0" covered="1"/></sourcefile><sourcefile name="PortableGit.java"><line nr="56" mi="0" ci="3" mb="0" cb="0"/><line nr="65" mi="0" ci="3" mb="0" cb="0"/><line nr="74" mi="0" ci="3" mb="0" cb="0"/><line nr="83" mi="0" ci="3" mb="0" cb="0"/><line nr="92" mi="0" ci="3" mb="0" cb="0"/><line nr="101" mi="0" ci="3" mb="0" cb="0"/><line nr="113" mi="0" ci="2" mb="0" cb="0"/><line nr="114" mi="0" ci="6" mb="0" cb="0"/><line nr="115" mi="0" ci="4" mb="0" cb="0"/><line nr="116" mi="0" ci="3" mb="0" cb="0"/><line nr="118" mi="0" ci="5" mb="0" cb="0"/><line nr="119" mi="0" ci="5" mb="0" cb="0"/><line nr="120" mi="0" ci="5" mb="0" cb="0"/><line nr="121" mi="0" ci="5" mb="0" cb="0"/><line nr="122" mi="0" ci="5" mb="0" cb="0"/><line nr="123" mi="0" ci="5" mb="0" cb="0"/><line nr="124" mi="1" ci="0" mb="0" cb="0"/><line nr="125" mi="3" ci="0" mb="0" cb="0"/><line nr="126" mi="5" ci="0" mb="0" cb="0"/><line nr="127" mi="0" ci="1" mb="0" cb="0"/><line nr="128" mi="0" ci="1" mb="0" cb="0"/><counter type="INSTRUCTION" missed="9" covered="65"/><counter type="LINE" missed="3" covered="18"/><counter type="COMPLEXITY" missed="0" covered="7"/><counter type="METHOD" missed="0" covered="7"/><counter type="CLASS" missed="0" covered="1"/></sourcefile><sourcefile name="ProcessUtils.java"><line nr="23" mi="0" ci="3" mb="0" cb="0"/><counter type="INSTRUCTION" missed="0" covered="3"/><counter type="LINE" missed="0" covered="1"/><counter type="COMPLEXITY" missed="0" covered="1"/><counter type="METHOD" missed="0" covered="1"/><counter type="CLASS" missed="0" covered="1"/></sourcefile><sourcefile name="AbstractGitMojo.java"><line nr="55" mi="0" ci="3" mb="0" cb="0"/><line nr="58" mi="0" ci="6" mb="0" cb="0"/><line nr="70" mi="2" ci="0" mb="0" cb="0"/><line nr="103" mi="0" ci="7" mb="0" cb="0"/><line nr="106" mi="0" ci="2" mb="0" cb="0"/><line nr="107" mi="0" ci="1" mb="0" cb="0"/><line nr="116" mi="0" ci="8" mb="0" cb="0"/><line nr="117" mi="0" ci="7" mb="0" cb="0"/><line nr="118" mi="0" ci="8" mb="0" cb="2"/><line nr="119" mi="0" ci="5" mb="0" cb="0"/><line nr="120" mi="0" ci="4" mb="0" cb="0"/><line nr="121" mi="0" ci="1" mb="0" cb="0"/><line nr="124" mi="0" ci="4" mb="0" cb="0"/><line nr="125" mi="0" ci="10" mb="0" cb="0"/><line nr="126" mi="0" ci="9" mb="0" cb="0"/><line nr="127" mi="0" ci="7" mb="0" cb="0"/><line nr="128" mi="0" ci="2" mb="0" cb="0"/><line nr="129" mi="0" ci="2" mb="0" cb="0"/><line nr="131" mi="0" ci="7" mb="0" cb="0"/><line nr="132" mi="0" ci="3" mb="0" cb="2"/><line nr="133" mi="0" ci="5" mb="0" cb="0"/><line nr="134" mi="0" ci="6" mb="0" cb="0"/><line nr="135" mi="0" ci="4" mb="0" cb="0"/><line nr="137" mi="0" ci="1" mb="0" cb="0"/><line nr="138" mi="0" ci="3" mb="0" cb="0"/><line nr="139" mi="0" ci="4" mb="0" cb="0"/><line nr="140" mi="0" ci="8" mb="0" cb="0"/><line nr="141" mi="0" ci="1" mb="0" cb="0"/><line nr="142" mi="0" ci="5" mb="0" cb="0"/><line nr="143" mi="0" ci="1" mb="0" cb="0"/><line nr="154" mi="0" ci="2" mb="0" cb="0"/><line nr="158" mi="0" ci="7" mb="0" cb="0"/><line nr="159" mi="0" ci="5" mb="0" cb="0"/><line nr="160" mi="0" ci="5" mb="0" cb="0"/><line nr="161" mi="0" ci="5" mb="0" cb="0"/><line nr="163" mi="0" ci="8" mb="0" cb="0"/><line nr="164" mi="0" ci="3" mb="0" cb="0"/><line nr="165" mi="0" ci="5" mb="0" cb="2"/><line nr="166" mi="0" ci="3" mb="0" cb="2"/><line nr="167" mi="0" ci="1" mb="0" cb="0"/><line nr="169" mi="0" ci="10" mb="0" cb="0"/><line nr="170" mi="0" ci="5" mb="0" cb="2"/><line nr="171" mi="0" ci="5" mb="0" cb="0"/><line nr="173" mi="0" ci="3" mb="0" cb="0"/><line nr="174" mi="0" ci="5" mb="1" cb="1"/><line nr="175" mi="0" ci="5" mb="0" cb="0"/><line nr="177" mi="0" ci="7" mb="0" cb="0"/><line nr="178" mi="0" ci="10" mb="0" cb="0"/><line nr="179" mi="0" ci="1" mb="0" cb="0"/><line nr="180" mi="0" ci="1" mb="0" cb="0"/><line nr="181" mi="0" ci="5" mb="0" cb="0"/><line nr="182" mi="0" ci="1" mb="0" cb="0"/><line nr="185" mi="0" ci="2" mb="0" cb="2"/><line nr="187" mi="0" ci="4" mb="0" cb="0"/><line nr="188" mi="0" ci="22" mb="0" cb="0"/><line nr="189" mi="0" ci="4" mb="0" cb="0"/><line nr="191" mi="0" ci="1" mb="0" cb="0"/><line nr="192" mi="0" ci="5" mb="0" cb="0"/><line nr="193" mi="1" ci="0" mb="0" cb="0"/><line nr="194" mi="5" ci="0" mb="0" cb="0"/><line nr="196" mi="2" ci="0" mb="0" cb="0"/><line nr="197" mi="0" ci="2" mb="0" cb="0"/><line nr="198" mi="0" ci="1" mb="0" cb="0"/><line nr="212" mi="0" ci="6" mb="0" cb="0"/><line nr="214" mi="0" ci="5" mb="0" cb="0"/><line nr="215" mi="0" ci="4" mb="0" cb="0"/><line nr="217" mi="0" ci="3" mb="0" cb="0"/><line nr="218" mi="0" ci="5" mb="0" cb="0"/><line nr="219" mi="0" ci="5" mb="0" cb="0"/><line nr="220" mi="0" ci="2" mb="0" cb="0"/><line nr="221" mi="0" ci="5" mb="0" cb="2"/><line nr="222" mi="0" ci="5" mb="0" cb="0"/><line nr="224" mi="0" ci="4" mb="0" cb="0"/><line nr="227" mi="0" ci="3" mb="0" cb="0"/><line nr="228" mi="0" ci="2" mb="1" cb="1"/><line nr="229" mi="16" ci="0" mb="0" cb="0"/><line nr="231" mi="0" ci="1" mb="0" cb="0"/><counter type="INSTRUCTION" missed="26" covered="327"/><counter type="BRANCH" missed="2" covered="16"/><counter type="LINE" missed="5" covered="72"/><counter type="COMPLEXITY" missed="3" covered="13"/><counter type="METHOD" missed="1" covered="6"/><counter type="CLASS" missed="0" covered="1"/></sourcefile><sourcefile name="MakeselfMojo.java"><line nr="51" mi="0" ci="3" mb="0" cb="0"/><line nr="551" mi="0" ci="3" mb="1" cb="1"/><line nr="552" mi="0" ci="3" mb="0" cb="0"/><line nr="556" mi="0" ci="3" mb="0" cb="2"/><line nr="557" mi="0" ci="4" mb="0" cb="0"/><line nr="558" mi="0" ci="1" mb="0" cb="0"/><line nr="562" mi="0" ci="9" mb="0" cb="0"/><line nr="563" mi="0" ci="5" mb="0" cb="2"/><line nr="564" mi="0" ci="10" mb="0" cb="0"/><line nr="568" mi="0" ci="3" mb="0" cb="2"/><line nr="570" mi="0" ci="3" mb="1" cb="1"/><line nr="571" mi="0" ci="5" mb="0" cb="0"/><line nr="575" mi="0" ci="5" mb="0" cb="2"/><line nr="576" mi="0" ci="5" mb="0" cb="0"/><line nr="580" mi="0" ci="14" mb="0" cb="0"/><line nr="581" mi="0" ci="5" mb="1" cb="1"/><line nr="582" mi="0" ci="6" mb="0" cb="0"/><line nr="583" mi="0" ci="9" mb="0" cb="0"/><line nr="588" mi="2" ci="0" mb="0" cb="0"/><line nr="591" mi="3" ci="0" mb="2" cb="0"/><line nr="592" mi="13" ci="0" mb="4" cb="0"/><line nr="593" mi="6" ci="0" mb="0" cb="0"/><line nr="594" mi="6" ci="0" mb="0" cb="0"/><line nr="596" mi="3" ci="0" mb="0" cb="0"/><line nr="600" mi="3" ci="0" mb="0" cb="0"/><line nr="605" mi="4" ci="0" mb="0" cb="0"/><line nr="606" mi="16" ci="0" mb="0" cb="0"/><line nr="609" mi="4" ci="0" mb="0" cb="0"/><line nr="610" mi="23" ci="0" mb="0" cb="0"/><line nr="614" mi="5" ci="0" mb="2" cb="0"/><line nr="615" mi="1" ci="0" mb="0" cb="0"/><line nr="619" mi="5" ci="0" mb="2" cb="0"/><line nr="620" mi="4" ci="0" mb="0" cb="0"/><line nr="621" mi="23" ci="0" mb="0" cb="0"/><line nr="623" mi="1" ci="0" mb="0" cb="0"/><line nr="627" mi="4" ci="0" mb="0" cb="0"/><line nr="628" mi="14" ci="0" mb="0" cb="0"/><line nr="629" mi="6" ci="0" mb="0" cb="0"/><line nr="630" mi="5" ci="0" mb="0" cb="0"/><line nr="631" mi="8" ci="0" mb="0" cb="0"/><line nr="632" mi="8" ci="0" mb="0" cb="0"/><line nr="633" mi="5" ci="0" mb="0" cb="0"/><line nr="634" mi="5" ci="0" mb="0" cb="0"/><line nr="635" mi="3" ci="0" mb="2" cb="0"/><line nr="636" mi="5" ci="0" mb="0" cb="0"/><line nr="640" mi="4" ci="0" mb="0" cb="0"/><line nr="643" mi="4" ci="0" mb="0" cb="0"/><line nr="644" mi="4" ci="0" mb="0" cb="0"/><line nr="647" mi="4" ci="0" mb="0" cb="0"/><line nr="648" mi="24" ci="0" mb="0" cb="0"/><line nr="652" mi="3" ci="0" mb="2" cb="0"/><line nr="653" mi="4" ci="0" mb="0" cb="0"/><line nr="654" mi="24" ci="0" mb="0" cb="0"/><line nr="659" mi="3" ci="0" mb="2" cb="0"/><line nr="660" mi="4" ci="0" mb="0" cb="0"/><line nr="661" mi="20" ci="0" mb="0" cb="0"/><line nr="664" mi="1" ci="0" mb="0" cb="0"/><line nr="665" mi="5" ci="0" mb="0" cb="0"/><line nr="666" mi="1" ci="0" mb="0" cb="0"/><line nr="667" mi="5" ci="0" mb="0" cb="0"/><line nr="669" mi="2" ci="0" mb="0" cb="0"/><line nr="670" mi="2" ci="0" mb="0" cb="0"/><line nr="671" mi="1" ci="0" mb="0" cb="0"/><line nr="676" mi="6" ci="0" mb="0" cb="0"/><line nr="679" mi="5" ci="0" mb="0" cb="0"/><line nr="680" mi="4" ci="0" mb="0" cb="0"/><line nr="683" mi="3" ci="0" mb="2" cb="0"/><line nr="684" mi="3" ci="0" mb="0" cb="0"/><line nr="685" mi="6" ci="0" mb="0" cb="0"/><line nr="687" mi="3" ci="0" mb="2" cb="0"/><line nr="689" mi="3" ci="0" mb="0" cb="0"/><line nr="691" mi="4" ci="0" mb="2" cb="0"/><line nr="692" mi="10" ci="0" mb="0" cb="0"/><line nr="693" mi="9" ci="0" mb="0" cb="0"/><line nr="694" mi="4" ci="0" mb="2" cb="0"/><line nr="696" mi="13" ci="0" mb="0" cb="0"/><line nr="697" mi="8" ci="0" mb="0" cb="0"/><line nr="699" mi="1" ci="0" mb="0" cb="0"/><line nr="701" mi="8" ci="0" mb="0" cb="0"/><line nr="702" mi="7" ci="0" mb="0" cb="0"/><line nr="704" mi="4" ci="0" mb="2" cb="0"/><line nr="705" mi="10" ci="0" mb="0" cb="0"/><line nr="706" mi="9" ci="0" mb="0" cb="0"/><line nr="707" mi="4" ci="0" mb="2" cb="0"/><line nr="709" mi="7" ci="0" mb="0" cb="0"/><line nr="710" mi="6" ci="0" mb="0" cb="0"/><line nr="711" mi="8" ci="0" mb="0" cb="0"/><line nr="717" mi="3" ci="0" mb="0" cb="0"/><line nr="720" mi="5" ci="0" mb="0" cb="0"/><line nr="721" mi="5" ci="0" mb="0" cb="0"/><line nr="722" mi="2" ci="0" mb="0" cb="0"/><line nr="723" mi="5" ci="0" mb="2" cb="0"/><line nr="724" mi="5" ci="0" mb="0" cb="0"/><line nr="726" mi="4" ci="0" mb="0" cb="0"/><line nr="730" mi="3" ci="0" mb="0" cb="0"/><line nr="731" mi="2" ci="0" mb="2" cb="0"/><line nr="732" mi="16" ci="0" mb="0" cb="0"/><line nr="736" mi="4" ci="0" mb="4" cb="0"/><line nr="737" mi="17" ci="0" mb="0" cb="0"/><line nr="738" mi="4" ci="0" mb="0" cb="0"/><line nr="740" mi="1" ci="0" mb="0" cb="0"/><line nr="746" mi="0" ci="4" mb="0" cb="0"/><line nr="749" mi="0" ci="7" mb="0" cb="0"/><line nr="750" mi="0" ci="9" mb="1" cb="3"/><line nr="751" mi="13" ci="0" mb="0" cb="0"/><line nr="752" mi="4" ci="0" mb="0" cb="0"/><line nr="753" mi="1" ci="0" mb="0" cb="0"/><line nr="755" mi="0" ci="17" mb="0" cb="0"/><line nr="757" mi="0" ci="4" mb="0" cb="0"/><line nr="760" mi="0" ci="7" mb="0" cb="0"/><line nr="761" mi="0" ci="6" mb="0" cb="2"/><line nr="762" mi="0" ci="4" mb="0" cb="0"/><line nr="763" mi="0" ci="4" mb="0" cb="0"/><line nr="764" mi="0" ci="4" mb="0" cb="0"/><line nr="765" mi="0" ci="6" mb="0" cb="0"/><line nr="766" mi="0" ci="5" mb="0" cb="0"/><line nr="767" mi="0" ci="3" mb="0" cb="0"/><line nr="768" mi="1" ci="0" mb="0" cb="0"/><line nr="769" mi="5" ci="0" mb="0" cb="0"/><line nr="770" mi="0" ci="1" mb="0" cb="0"/><line nr="774" mi="0" ci="6" mb="0" cb="0"/><line nr="775" mi="0" ci="5" mb="0" cb="2"/><line nr="776" mi="0" ci="4" mb="0" cb="0"/><line nr="777" mi="0" ci="4" mb="0" cb="0"/><line nr="778" mi="0" ci="3" mb="0" cb="0"/><line nr="779" mi="0" ci="6" mb="0" cb="0"/><line nr="780" mi="0" ci="4" mb="0" cb="0"/><line nr="781" mi="0" ci="3" mb="0" cb="0"/><line nr="782" mi="1" ci="0" mb="0" cb="0"/><line nr="783" mi="5" ci="0" mb="0" cb="0"/><line nr="784" mi="0" ci="1" mb="0" cb="0"/><line nr="786" mi="0" ci="1" mb="0" cb="0"/><line nr="789" mi="0" ci="5" mb="0" cb="2"/><line nr="790" mi="0" ci="17" mb="0" cb="0"/><line nr="792" mi="0" ci="16" mb="0" cb="0"/><line nr="794" mi="0" ci="1" mb="0" cb="0"/><line nr="797" mi="0" ci="3" mb="0" cb="0"/><line nr="800" mi="4" ci="0" mb="0" cb="0"/><line nr="801" mi="24" ci="0" mb="0" cb="0"/><line nr="803" mi="1" ci="0" mb="0" cb="0"/><line nr="804" mi="5" ci="0" mb="0" cb="0"/><line nr="805" mi="0" ci="1" mb="0" cb="0"/><line nr="807" mi="0" ci="5" mb="0" cb="0"/><line nr="808" mi="2" ci="0" mb="0" cb="0"/><line nr="809" mi="0" ci="1" mb="0" cb="0"/><line nr="817" mi="0" ci="4" mb="0" cb="0"/><line nr="819" mi="0" ci="5" mb="0" cb="0"/><line nr="822" mi="0" ci="5" mb="0" cb="2"/><line nr="823" mi="0" ci="4" mb="0" cb="0"/><line nr="827" mi="0" ci="5" mb="0" cb="2"/><line nr="828" mi="0" ci="4" mb="0" cb="0"/><line nr="832" mi="0" ci="5" mb="0" cb="2"/><line nr="833" mi="0" ci="4" mb="0" cb="0"/><line nr="839" mi="0" ci="5" mb="0" cb="2"/><line nr="840" mi="0" ci="4" mb="0" cb="0"/><line nr="846" mi="0" ci="5" mb="0" cb="2"/><line nr="847" mi="0" ci="4" mb="0" cb="0"/><line nr="853" mi="0" ci="5" mb="0" cb="2"/><line nr="854" mi="0" ci="4" mb="0" cb="0"/><line nr="860" mi="0" ci="5" mb="0" cb="2"/><line nr="861" mi="0" ci="4" mb="0" cb="0"/><line nr="867" mi="0" ci="5" mb="0" cb="2"/><line nr="868" mi="0" ci="4" mb="0" cb="0"/><line nr="874" mi="0" ci="5" mb="0" cb="2"/><line nr="875" mi="0" ci="4" mb="0" cb="0"/><line nr="879" mi="0" ci="5" mb="0" cb="2"/><line nr="880" mi="0" ci="4" mb="0" cb="0"/><line nr="884" mi="0" ci="5" mb="0" cb="2"/><line nr="885" mi="0" ci="4" mb="0" cb="0"/><line nr="889" mi="0" ci="5" mb="0" cb="2"/><line nr="890" mi="0" ci="4" mb="0" cb="0"/><line nr="895" mi="0" ci="5" mb="0" cb="2"/><line nr="896" mi="0" ci="4" mb="0" cb="0"/><line nr="900" mi="0" ci="5" mb="0" cb="2"/><line nr="901" mi="0" ci="4" mb="0" cb="0"/><line nr="906" mi="0" ci="5" mb="0" cb="2"/><line nr="907" mi="0" ci="4" mb="0" cb="0"/><line nr="911" mi="0" ci="3" mb="0" cb="2"/><line nr="912" mi="0" ci="4" mb="0" cb="0"/><line nr="913" mi="0" ci="5" mb="0" cb="0"/><line nr="919" mi="0" ci="3" mb="0" cb="2"/><line nr="920" mi="0" ci="4" mb="0" cb="0"/><line nr="921" mi="0" ci="5" mb="0" cb="0"/><line nr="925" mi="0" ci="5" mb="0" cb="2"/><line nr="926" mi="0" ci="4" mb="0" cb="0"/><line nr="931" mi="0" ci="5" mb="0" cb="2"/><line nr="932" mi="0" ci="4" mb="0" cb="0"/><line nr="936" mi="0" ci="3" mb="0" cb="2"/><line nr="937" mi="0" ci="4" mb="0" cb="0"/><line nr="938" mi="0" ci="6" mb="0" cb="0"/><line nr="942" mi="0" ci="3" mb="0" cb="2"/><line nr="943" mi="0" ci="4" mb="0" cb="0"/><line nr="944" mi="0" ci="5" mb="0" cb="0"/><line nr="948" mi="0" ci="5" mb="0" cb="2"/><line nr="949" mi="0" ci="4" mb="0" cb="0"/><line nr="953" mi="0" ci="5" mb="0" cb="2"/><line nr="954" mi="0" ci="4" mb="0" cb="0"/><line nr="958" mi="0" ci="5" mb="0" cb="2"/><line nr="959" mi="0" ci="4" mb="0" cb="0"/><line nr="966" mi="0" ci="3" mb="0" cb="2"/><line nr="967" mi="0" ci="4" mb="0" cb="0"/><line nr="968" mi="0" ci="6" mb="0" cb="0"/><line nr="974" mi="0" ci="5" mb="0" cb="2"/><line nr="975" mi="0" ci="4" mb="0" cb="0"/><line nr="979" mi="0" ci="5" mb="0" cb="2"/><line nr="980" mi="0" ci="4" mb="0" cb="0"/><line nr="985" mi="0" ci="5" mb="0" cb="2"/><line nr="986" mi="0" ci="4" mb="0" cb="0"/><line nr="991" mi="0" ci="5" mb="0" cb="2"/><line nr="992" mi="0" ci="4" mb="0" cb="0"/><line nr="996" mi="0" ci="5" mb="0" cb="2"/><line nr="997" mi="0" ci="4" mb="0" cb="0"/><line nr="1003" mi="0" ci="5" mb="0" cb="2"/><line nr="1004" mi="0" ci="4" mb="0" cb="0"/><line nr="1010" mi="0" ci="3" mb="0" cb="2"/><line nr="1011" mi="0" ci="4" mb="0" cb="0"/><line nr="1012" mi="0" ci="5" mb="0" cb="0"/><line nr="1017" mi="0" ci="3" mb="0" cb="2"/><line nr="1018" mi="0" ci="4" mb="0" cb="0"/><line nr="1019" mi="0" ci="5" mb="0" cb="0"/><line nr="1024" mi="0" ci="3" mb="0" cb="2"/><line nr="1025" mi="0" ci="4" mb="0" cb="0"/><line nr="1026" mi="0" ci="5" mb="0" cb="0"/><line nr="1033" mi="0" ci="5" mb="0" cb="2"/><line nr="1034" mi="0" ci="4" mb="0" cb="0"/><line nr="1038" mi="0" ci="5" mb="0" cb="2"/><line nr="1039" mi="0" ci="4" mb="0" cb="0"/><line nr="1043" mi="0" ci="5" mb="0" cb="2"/><line nr="1044" mi="0" ci="4" mb="0" cb="0"/><line nr="1049" mi="0" ci="5" mb="0" cb="2"/><line nr="1050" mi="0" ci="4" mb="0" cb="0"/><line nr="1055" mi="0" ci="5" mb="0" cb="2"/><line nr="1056" mi="0" ci="4" mb="0" cb="0"/><line nr="1060" mi="0" ci="5" mb="0" cb="2"/><line nr="1061" mi="0" ci="4" mb="0" cb="0"/><line nr="1068" mi="0" ci="3" mb="0" cb="2"/><line nr="1069" mi="0" ci="4" mb="0" cb="0"/><line nr="1070" mi="0" ci="5" mb="0" cb="0"/><line nr="1074" mi="0" ci="3" mb="0" cb="2"/><line nr="1075" mi="0" ci="4" mb="0" cb="0"/><line nr="1076" mi="0" ci="5" mb="0" cb="0"/><line nr="1081" mi="0" ci="3" mb="0" cb="2"/><line nr="1082" mi="0" ci="4" mb="0" cb="0"/><line nr="1083" mi="0" ci="5" mb="0" cb="0"/><line nr="1089" mi="0" ci="3" mb="0" cb="2"/><line nr="1090" mi="0" ci="4" mb="0" cb="0"/><line nr="1091" mi="0" ci="5" mb="0" cb="0"/><line nr="1095" mi="0" ci="3" mb="0" cb="2"/><line nr="1096" mi="0" ci="4" mb="0" cb="0"/><line nr="1097" mi="0" ci="5" mb="0" cb="0"/><line nr="1101" mi="0" ci="3" mb="0" cb="2"/><line nr="1102" mi="0" ci="4" mb="0" cb="0"/><line nr="1103" mi="0" ci="5" mb="0" cb="0"/><line nr="1108" mi="0" ci="3" mb="0" cb="2"/><line nr="1109" mi="0" ci="4" mb="0" cb="0"/><line nr="1110" mi="0" ci="5" mb="0" cb="0"/><line nr="1115" mi="0" ci="5" mb="0" cb="2"/><line nr="1116" mi="0" ci="4" mb="0" cb="0"/><line nr="1120" mi="0" ci="5" mb="0" cb="2"/><line nr="1121" mi="0" ci="4" mb="0" cb="0"/><line nr="1125" mi="0" ci="3" mb="0" cb="2"/><line nr="1126" mi="0" ci="4" mb="0" cb="0"/><line nr="1127" mi="0" ci="5" mb="0" cb="0"/><line nr="1131" mi="0" ci="3" mb="0" cb="2"/><line nr="1132" mi="0" ci="4" mb="0" cb="0"/><line nr="1133" mi="0" ci="5" mb="0" cb="0"/><line nr="1137" mi="0" ci="5" mb="0" cb="2"/><line nr="1138" mi="0" ci="4" mb="0" cb="0"/><line nr="1142" mi="0" ci="3" mb="0" cb="2"/><line nr="1143" mi="0" ci="4" mb="0" cb="0"/><line nr="1144" mi="0" ci="5" mb="0" cb="0"/><line nr="1147" mi="0" ci="2" mb="0" cb="0"/><line nr="1151" mi="0" ci="2" mb="0" cb="2"/><line nr="1152" mi="0" ci="3" mb="0" cb="0"/><line nr="1154" mi="0" ci="2" mb="0" cb="0"/><counter type="INSTRUCTION" missed="587" covered="814"/><counter type="BRANCH" missed="40" covered="128"/><counter type="LINE" missed="95" covered="180"/><counter type="COMPLEXITY" missed="23" covered="69"/><counter type="METHOD" missed="1" covered="7"/><counter type="CLASS" missed="0" covered="1"/></sourcefile><counter type="INSTRUCTION" missed="664" covered="1226"/><counter type="BRANCH" missed="50" covered="146"/><counter type="LINE" missed="112" covered="277"/><counter type="COMPLEXITY" missed="31" covered="92"/><counter type="METHOD" missed="2" covered="23"/><counter type="CLASS" missed="0" covered="5"/></package><counter type="INSTRUCTION" missed="770" covered="1893"/><counter type="BRANCH" missed="79" covered="229"/><counter type="LINE" missed="131" covered="414"/><counter type="COMPLEXITY" missed="55" covered="140"/><counter type="METHOD" missed="2" covered="39"/><counter type="CLASS" missed="0" covered="6"/></report>