GROUP,PACKAGE,CLASS,INSTRUCTION_MISSED,INSTRUCTION_COVERED,BRANCH_MISSED,BRANCH_COVERED,LINE_MISSED,LINE_COVERED,COMPLEXITY_MISSED,COMPLEXITY_COVERED,METHOD_MISSED,METHOD_COVERED
makeself-maven-plugin,com.github.hazendaz.maven.makeself_maven_plugin,HelpMojo,773,0,112,0,156,0,72,0,16,0
makeself-maven-plugin,com.hazendaz.maven.makeself,PortableGit,9,65,0,0,3,18,0,7,0,7
makeself-maven-plugin,com.hazendaz.maven.makeself,ProcessUtils,3,0,0,0,1,0,1,0,1,0
makeself-maven-plugin,com.hazendaz.maven.makeself,MakeselfMojo,1677,0,182,0,334,0,103,0,12,0
