<?xml version="1.0" encoding="UTF-8" standalone="yes"?><!DOCTYPE report PUBLIC "-//JACOCO//DTD Report 1.1//EN" "report.dtd"><report name="makeself-maven-plugin"><sessioninfo id="JeremyDesktop-5d8a9c1f" start="1762895586973" dump="1762895589500"/><package name="com/github/hazendaz/maven/makeself_maven_plugin"><class name="com/github/hazendaz/maven/makeself_maven_plugin/HelpMojo" sourcefilename="HelpMojo.java"><method name="&lt;init&gt;" desc="()V" line="28"><counter type="INSTRUCTION" missed="3" covered="0"/><counter type="LINE" missed="1" covered="0"/><counter type="COMPLEXITY" missed="1" covered="0"/><counter type="METHOD" missed="1" covered="0"/></method><method name="build" desc="()Lorg/w3c/dom/Document;" line="68"><counter type="INSTRUCTION" missed="51" covered="0"/><counter type="BRANCH" missed="2" covered="0"/><counter type="LINE" missed="13" covered="0"/><counter type="COMPLEXITY" missed="2" covered="0"/><counter type="METHOD" missed="1" covered="0"/></method><method name="execute" desc="()V" line="100"><counter type="INSTRUCTION" missed="154" covered="0"/><counter type="BRANCH" missed="20" covered="0"/><counter type="LINE" missed="31" covered="0"/><counter type="COMPLEXITY" missed="11" covered="0"/><counter type="METHOD" missed="1" covered="0"/></method><method name="isNotEmpty" desc="(Ljava/lang/String;)Z" line="165"><counter type="INSTRUCTION" missed="9" covered="0"/><counter type="BRANCH" missed="4" covered="0"/><counter type="LINE" missed="1" covered="0"/><counter type="COMPLEXITY" missed="3" covered="0"/><counter type="METHOD" missed="1" covered="0"/></method><method name="getValue" desc="(Lorg/w3c/dom/Node;Ljava/lang/String;)Ljava/lang/String;" line="171"><counter type="INSTRUCTION" missed="5" covered="0"/><counter type="LINE" missed="1" covered="0"/><counter type="COMPLEXITY" missed="1" covered="0"/><counter type="METHOD" missed="1" covered="0"/></method><method name="getSingleChild" desc="(Lorg/w3c/dom/Node;Ljava/lang/String;)Lorg/w3c/dom/Node;" line="177"><counter type="INSTRUCTION" missed="28" covered="0"/><counter type="BRANCH" missed="4" covered="0"/><counter type="LINE" missed="6" covered="0"/><counter type="COMPLEXITY" missed="3" covered="0"/><counter type="METHOD" missed="1" covered="0"/></method><method name="findNamedChild" desc="(Lorg/w3c/dom/Node;Ljava/lang/String;)Ljava/util/List;" line="191"><counter type="INSTRUCTION" missed="30" covered="0"/><counter type="BRANCH" missed="4" covered="0"/><counter type="LINE" missed="7" covered="0"/><counter type="COMPLEXITY" missed="3" covered="0"/><counter type="METHOD" missed="1" covered="0"/></method><method name="findSingleChild" desc="(Lorg/w3c/dom/Node;Ljava/lang/String;)Lorg/w3c/dom/Node;" line="207"><counter type="INSTRUCTION" missed="24" covered="0"/><counter type="BRANCH" missed="4" covered="0"/><counter type="LINE" missed="6" covered="0"/><counter type="COMPLEXITY" missed="3" covered="0"/><counter type="METHOD" missed="1" covered="0"/></method><method name="writeGoal" desc="(Ljava/lang/StringBuilder;Ljava/lang/String;Lorg/w3c/dom/Element;)V" line="222"><counter type="INSTRUCTION" missed="116" covered="0"/><counter type="BRANCH" missed="20" covered="0"/><counter type="LINE" missed="23" covered="0"/><counter type="COMPLEXITY" missed="11" covered="0"/><counter type="METHOD" missed="1" covered="0"/></method><method name="writeParameter" desc="(Ljava/lang/StringBuilder;Lorg/w3c/dom/Node;Lorg/w3c/dom/Node;)V" line="262"><counter type="INSTRUCTION" missed="100" covered="0"/><counter type="BRANCH" missed="18" covered="0"/><counter type="LINE" missed="22" covered="0"/><counter type="COMPLEXITY" missed="10" covered="0"/><counter type="METHOD" missed="1" covered="0"/></method><method name="repeat" desc="(Ljava/lang/String;I)Ljava/lang/String;" line="310"><counter type="INSTRUCTION" missed="22" covered="0"/><counter type="BRANCH" missed="2" covered="0"/><counter type="LINE" missed="4" covered="0"/><counter type="COMPLEXITY" missed="2" covered="0"/><counter type="METHOD" missed="1" covered="0"/></method><method name="append" desc="(Ljava/lang/StringBuilder;Ljava/lang/String;I)V" line="330"><counter type="INSTRUCTION" missed="24" covered="0"/><counter type="BRANCH" missed="2" covered="0"/><counter type="LINE" missed="4" covered="0"/><counter type="COMPLEXITY" missed="2" covered="0"/><counter type="METHOD" missed="1" covered="0"/></method><method name="toLines" desc="(Ljava/lang/String;III)Ljava/util/List;" line="348"><counter type="INSTRUCTION" missed="37" covered="0"/><counter type="BRANCH" missed="2" covered="0"/><counter type="LINE" missed="6" covered="0"/><counter type="COMPLEXITY" missed="2" covered="0"/><counter type="METHOD" missed="1" covered="0"/></method><method name="toLines" desc="(Ljava/util/List;Ljava/lang/String;II)V" line="372"><counter type="INSTRUCTION" missed="104" covered="0"/><counter type="BRANCH" missed="12" covered="0"/><counter type="LINE" missed="19" covered="0"/><counter type="COMPLEXITY" missed="7" covered="0"/><counter type="METHOD" missed="1" covered="0"/></method><method name="getIndentLevel" desc="(Ljava/lang/String;)I" line="421"><counter type="INSTRUCTION" missed="40" covered="0"/><counter type="BRANCH" missed="10" covered="0"/><counter type="LINE" missed="8" covered="0"/><counter type="COMPLEXITY" missed="6" covered="0"/><counter type="METHOD" missed="1" covered="0"/></method><method name="getPropertyFromExpression" desc="(Ljava/lang/String;)Ljava/lang/String;" line="439"><counter type="INSTRUCTION" missed="26" covered="0"/><counter type="BRANCH" missed="8" covered="0"/><counter type="LINE" missed="4" covered="0"/><counter type="COMPLEXITY" missed="5" covered="0"/><counter type="METHOD" missed="1" covered="0"/></method><counter type="INSTRUCTION" missed="773" covered="0"/><counter type="BRANCH" missed="112" covered="0"/><counter type="LINE" missed="156" covered="0"/><counter type="COMPLEXITY" missed="72" covered="0"/><counter type="METHOD" missed="16" covered="0"/><counter type="CLASS" missed="1" covered="0"/></class><sourcefile name="HelpMojo.java"><line nr="28" mi="3" ci="0" mb="0" cb="0"/><line nr="68" mi="4" ci="0" mb="0" cb="0"/><line nr="69" mi="5" ci="0" mb="0" cb="0"/><line nr="71" mi="2" ci="0" mb="2" cb="0"/><line nr="73" mi="5" ci="0" mb="0" cb="0"/><line nr="75" mi="2" ci="0" mb="0" cb="0"/><line nr="76" mi="3" ci="0" mb="0" cb="0"/><line nr="77" mi="6" ci="0" mb="0" cb="0"/><line nr="79" mi="1" ci="0" mb="0" cb="0"/><line nr="81" mi="7" ci="0" mb="0" cb="0"/><line nr="83" mi="1" ci="0" mb="0" cb="0"/><line nr="85" mi="7" ci="0" mb="0" cb="0"/><line nr="87" mi="1" ci="0" mb="0" cb="0"/><line nr="89" mi="7" ci="0" mb="0" cb="0"/><line nr="100" mi="3" ci="0" mb="2" cb="0"/><line nr="102" mi="4" ci="0" mb="0" cb="0"/><line nr="103" mi="3" ci="0" mb="0" cb="0"/><line nr="105" mi="3" ci="0" mb="2" cb="0"/><line nr="107" mi="4" ci="0" mb="0" cb="0"/><line nr="108" mi="3" ci="0" mb="0" cb="0"/><line nr="111" mi="3" ci="0" mb="0" cb="0"/><line nr="113" mi="4" ci="0" mb="0" cb="0"/><line nr="114" mi="4" ci="0" mb="0" cb="0"/><line nr="117" mi="4" ci="0" mb="0" cb="0"/><line nr="118" mi="4" ci="0" mb="0" cb="0"/><line nr="119" mi="9" ci="0" mb="0" cb="0"/><line nr="120" mi="7" ci="0" mb="4" cb="0"/><line nr="122" mi="8" ci="0" mb="0" cb="0"/><line nr="126" mi="3" ci="0" mb="2" cb="0"/><line nr="128" mi="6" ci="0" mb="0" cb="0"/><line nr="132" mi="5" ci="0" mb="0" cb="0"/><line nr="135" mi="7" ci="0" mb="0" cb="0"/><line nr="136" mi="5" ci="0" mb="0" cb="0"/><line nr="139" mi="4" ci="0" mb="0" cb="0"/><line nr="141" mi="4" ci="0" mb="0" cb="0"/><line nr="143" mi="4" ci="0" mb="0" cb="0"/><line nr="145" mi="7" ci="0" mb="4" cb="0"/><line nr="147" mi="14" ci="0" mb="2" cb="0"/><line nr="148" mi="5" ci="0" mb="0" cb="0"/><line nr="151" mi="10" ci="0" mb="2" cb="0"/><line nr="153" mi="6" ci="0" mb="0" cb="0"/><line nr="154" mi="1" ci="0" mb="0" cb="0"/><line nr="156" mi="4" ci="0" mb="2" cb="0"/><line nr="158" mi="5" ci="0" mb="0" cb="0"/><line nr="160" mi="1" ci="0" mb="0" cb="0"/><line nr="165" mi="9" ci="0" mb="4" cb="0"/><line nr="171" mi="5" ci="0" mb="0" cb="0"/><line nr="177" mi="4" ci="0" mb="0" cb="0"/><line nr="178" mi="3" ci="0" mb="2" cb="0"/><line nr="180" mi="6" ci="0" mb="0" cb="0"/><line nr="182" mi="4" ci="0" mb="2" cb="0"/><line nr="184" mi="6" ci="0" mb="0" cb="0"/><line nr="186" mi="5" ci="0" mb="0" cb="0"/><line nr="191" mi="4" ci="0" mb="0" cb="0"/><line nr="192" mi="3" ci="0" mb="0" cb="0"/><line nr="193" mi="8" ci="0" mb="2" cb="0"/><line nr="195" mi="4" ci="0" mb="0" cb="0"/><line nr="196" mi="5" ci="0" mb="2" cb="0"/><line nr="198" mi="4" ci="0" mb="0" cb="0"/><line nr="201" mi="2" ci="0" mb="0" cb="0"/><line nr="207" mi="4" ci="0" mb="0" cb="0"/><line nr="208" mi="3" ci="0" mb="2" cb="0"/><line nr="210" mi="2" ci="0" mb="0" cb="0"/><line nr="212" mi="4" ci="0" mb="2" cb="0"/><line nr="214" mi="6" ci="0" mb="0" cb="0"/><line nr="216" mi="5" ci="0" mb="0" cb="0"/><line nr="222" mi="4" ci="0" mb="0" cb="0"/><line nr="223" mi="4" ci="0" mb="0" cb="0"/><line nr="224" mi="4" ci="0" mb="0" cb="0"/><line nr="225" mi="12" ci="0" mb="6" cb="0"/><line nr="227" mi="7" ci="0" mb="0" cb="0"/><line nr="228" mi="4" ci="0" mb="0" cb="0"/><line nr="229" mi="6" ci="0" mb="4" cb="0"/><line nr="231" mi="7" ci="0" mb="0" cb="0"/><line nr="232" mi="5" ci="0" mb="4" cb="0"/><line nr="234" mi="5" ci="0" mb="0" cb="0"/><line nr="235" mi="7" ci="0" mb="0" cb="0"/><line nr="238" mi="2" ci="0" mb="2" cb="0"/><line nr="240" mi="6" ci="0" mb="0" cb="0"/><line nr="242" mi="5" ci="0" mb="0" cb="0"/><line nr="244" mi="3" ci="0" mb="2" cb="0"/><line nr="246" mi="4" ci="0" mb="0" cb="0"/><line nr="247" mi="4" ci="0" mb="0" cb="0"/><line nr="248" mi="5" ci="0" mb="0" cb="0"/><line nr="249" mi="5" ci="0" mb="0" cb="0"/><line nr="251" mi="10" ci="0" mb="2" cb="0"/><line nr="253" mi="5" ci="0" mb="0" cb="0"/><line nr="254" mi="1" ci="0" mb="0" cb="0"/><line nr="257" mi="1" ci="0" mb="0" cb="0"/><line nr="262" mi="4" ci="0" mb="0" cb="0"/><line nr="263" mi="4" ci="0" mb="0" cb="0"/><line nr="265" mi="2" ci="0" mb="0" cb="0"/><line nr="266" mi="2" ci="0" mb="2" cb="0"/><line nr="268" mi="5" ci="0" mb="0" cb="0"/><line nr="271" mi="2" ci="0" mb="0" cb="0"/><line nr="272" mi="6" ci="0" mb="4" cb="0"/><line nr="274" mi="5" ci="0" mb="0" cb="0"/><line nr="276" mi="7" ci="0" mb="0" cb="0"/><line nr="277" mi="4" ci="0" mb="0" cb="0"/><line nr="278" mi="6" ci="0" mb="4" cb="0"/><line nr="280" mi="7" ci="0" mb="0" cb="0"/><line nr="281" mi="5" ci="0" mb="0" cb="0"/><line nr="283" mi="3" ci="0" mb="2" cb="0"/><line nr="284" mi="5" ci="0" mb="0" cb="0"/><line nr="286" mi="6" ci="0" mb="2" cb="0"/><line nr="288" mi="5" ci="0" mb="0" cb="0"/><line nr="290" mi="6" ci="0" mb="4" cb="0"/><line nr="292" mi="4" ci="0" mb="0" cb="0"/><line nr="293" mi="6" ci="0" mb="0" cb="0"/><line nr="296" mi="5" ci="0" mb="0" cb="0"/><line nr="297" mi="1" ci="0" mb="0" cb="0"/><line nr="310" mi="8" ci="0" mb="0" cb="0"/><line nr="312" mi="7" ci="0" mb="2" cb="0"/><line nr="314" mi="4" ci="0" mb="0" cb="0"/><line nr="317" mi="3" ci="0" mb="0" cb="0"/><line nr="330" mi="16" ci="0" mb="2" cb="0"/><line nr="332" mi="6" ci="0" mb="0" cb="0"/><line nr="333" mi="1" ci="0" mb="0" cb="0"/><line nr="334" mi="1" ci="0" mb="0" cb="0"/><line nr="348" mi="4" ci="0" mb="0" cb="0"/><line nr="350" mi="4" ci="0" mb="0" cb="0"/><line nr="352" mi="4" ci="0" mb="0" cb="0"/><line nr="354" mi="16" ci="0" mb="2" cb="0"/><line nr="356" mi="7" ci="0" mb="0" cb="0"/><line nr="359" mi="2" ci="0" mb="0" cb="0"/><line nr="372" mi="3" ci="0" mb="0" cb="0"/><line nr="373" mi="5" ci="0" mb="0" cb="0"/><line nr="375" mi="4" ci="0" mb="0" cb="0"/><line nr="377" mi="16" ci="0" mb="2" cb="0"/><line nr="379" mi="3" ci="0" mb="2" cb="0"/><line nr="381" mi="7" ci="0" mb="2" cb="0"/><line nr="383" mi="5" ci="0" mb="0" cb="0"/><line nr="384" mi="3" ci="0" mb="0" cb="0"/><line nr="385" mi="9" ci="0" mb="0" cb="0"/><line nr="389" mi="4" ci="0" mb="0" cb="0"/><line nr="393" mi="8" ci="0" mb="2" cb="0"/><line nr="395" mi="4" ci="0" mb="0" cb="0"/><line nr="396" mi="3" ci="0" mb="2" cb="0"/><line nr="398" mi="12" ci="0" mb="0" cb="0"/><line nr="400" mi="3" ci="0" mb="2" cb="0"/><line nr="402" mi="5" ci="0" mb="0" cb="0"/><line nr="406" mi="4" ci="0" mb="0" cb="0"/><line nr="410" mi="5" ci="0" mb="0" cb="0"/><line nr="411" mi="1" ci="0" mb="0" cb="0"/><line nr="421" mi="2" ci="0" mb="0" cb="0"/><line nr="422" mi="13" ci="0" mb="4" cb="0"/><line nr="424" mi="1" ci="0" mb="0" cb="0"/><line nr="426" mi="15" ci="0" mb="4" cb="0"/><line nr="428" mi="5" ci="0" mb="2" cb="0"/><line nr="430" mi="1" ci="0" mb="0" cb="0"/><line nr="431" mi="1" ci="0" mb="0" cb="0"/><line nr="434" mi="2" ci="0" mb="0" cb="0"/><line nr="439" mi="12" ci="0" mb="6" cb="0"/><line nr="440" mi="4" ci="0" mb="2" cb="0"/><line nr="443" mi="8" ci="0" mb="0" cb="0"/><line nr="446" mi="2" ci="0" mb="0" cb="0"/><counter type="INSTRUCTION" missed="773" covered="0"/><counter type="BRANCH" missed="112" covered="0"/><counter type="LINE" missed="156" covered="0"/><counter type="COMPLEXITY" missed="72" covered="0"/><counter type="METHOD" missed="16" covered="0"/><counter type="CLASS" missed="1" covered="0"/></sourcefile><counter type="INSTRUCTION" missed="773" covered="0"/><counter type="BRANCH" missed="112" covered="0"/><counter type="LINE" missed="156" covered="0"/><counter type="COMPLEXITY" missed="72" covered="0"/><counter type="METHOD" missed="16" covered="0"/><counter type="CLASS" missed="1" covered="0"/></package><package name="com/hazendaz/maven/makeself"><class name="com/hazendaz/maven/makeself/PortableGit" sourcefilename="PortableGit.java"><method name="getGroupId" desc="()Ljava/lang/String;" line="56"><counter type="INSTRUCTION" missed="0" covered="3"/><counter type="LINE" missed="0" covered="1"/><counter type="COMPLEXITY" missed="0" covered="1"/><counter type="METHOD" missed="0" covered="1"/></method><method name="getArtifactId" desc="()Ljava/lang/String;" line="65"><counter type="INSTRUCTION" missed="0" covered="3"/><counter type="LINE" missed="0" covered="1"/><counter type="COMPLEXITY" missed="0" covered="1"/><counter type="METHOD" missed="0" covered="1"/></method><method name="getVersion" desc="()Ljava/lang/String;" line="74"><counter type="INSTRUCTION" missed="0" covered="3"/><counter type="LINE" missed="0" covered="1"/><counter type="COMPLEXITY" missed="0" covered="1"/><counter type="METHOD" missed="0" covered="1"/></method><method name="getExtension" desc="()Ljava/lang/String;" line="83"><counter type="INSTRUCTION" missed="0" covered="3"/><counter type="LINE" missed="0" covered="1"/><counter type="COMPLEXITY" missed="0" covered="1"/><counter type="METHOD" missed="0" covered="1"/></method><method name="getClassifier" desc="()Ljava/lang/String;" line="92"><counter type="INSTRUCTION" missed="0" covered="3"/><counter type="LINE" missed="0" covered="1"/><counter type="COMPLEXITY" missed="0" covered="1"/><counter type="METHOD" missed="0" covered="1"/></method><method name="getName" desc="()Ljava/lang/String;" line="101"><counter type="INSTRUCTION" missed="0" covered="3"/><counter type="LINE" missed="0" covered="1"/><counter type="COMPLEXITY" missed="0" covered="1"/><counter type="METHOD" missed="0" covered="1"/></method><method name="&lt;init&gt;" desc="(Lorg/apache/maven/plugin/logging/Log;)V" line="113"><counter type="INSTRUCTION" missed="9" covered="47"/><counter type="LINE" missed="3" covered="12"/><counter type="COMPLEXITY" missed="0" covered="1"/><counter type="METHOD" missed="0" covered="1"/></method><counter type="INSTRUCTION" missed="9" covered="65"/><counter type="LINE" missed="3" covered="18"/><counter type="COMPLEXITY" missed="0" covered="7"/><counter type="METHOD" missed="0" covered="7"/><counter type="CLASS" missed="0" covered="1"/></class><class name="com/hazendaz/maven/makeself/ProcessUtils" sourcefilename="ProcessUtils.java"><method name="&lt;init&gt;" desc="()V" line="23"><counter type="INSTRUCTION" missed="3" covered="0"/><counter type="LINE" missed="1" covered="0"/><counter type="COMPLEXITY" missed="1" covered="0"/><counter type="METHOD" missed="1" covered="0"/></method><counter type="INSTRUCTION" missed="3" covered="0"/><counter type="LINE" missed="1" covered="0"/><counter type="COMPLEXITY" missed="1" covered="0"/><counter type="METHOD" missed="1" covered="0"/><counter type="CLASS" missed="1" covered="0"/></class><class name="com/hazendaz/maven/makeself/MakeselfMojo" sourcefilename="MakeselfMojo.java"><method name="&lt;init&gt;" desc="()V" line="67"><counter type="INSTRUCTION" missed="3" covered="0"/><counter type="LINE" missed="1" covered="0"/><counter type="COMPLEXITY" missed="1" covered="0"/><counter type="METHOD" missed="1" covered="0"/></method><method name="execute" desc="()V" line="595"><counter type="INSTRUCTION" missed="387" covered="0"/><counter type="BRANCH" missed="30" covered="0"/><counter type="LINE" missed="61" covered="0"/><counter type="COMPLEXITY" missed="16" covered="0"/><counter type="METHOD" missed="1" covered="0"/></method><method name="execute" desc="(Ljava/util/List;Z)V" line="714"><counter type="INSTRUCTION" missed="165" covered="0"/><counter type="BRANCH" missed="14" covered="0"/><counter type="LINE" missed="29" covered="0"/><counter type="COMPLEXITY" missed="8" covered="0"/><counter type="METHOD" missed="1" covered="0"/></method><method name="extractMakeself" desc="()V" line="768"><counter type="INSTRUCTION" missed="148" covered="0"/><counter type="BRANCH" missed="8" covered="0"/><counter type="LINE" missed="30" covered="0"/><counter type="COMPLEXITY" missed="5" covered="0"/><counter type="METHOD" missed="1" covered="0"/></method><method name="checkGitSetup" desc="()V" line="817"><counter type="INSTRUCTION" missed="10" covered="0"/><counter type="LINE" missed="3" covered="0"/><counter type="COMPLEXITY" missed="1" covered="0"/><counter type="METHOD" missed="1" covered="0"/></method><method name="extractPortableGit" desc="()V" line="830"><counter type="INSTRUCTION" missed="115" covered="0"/><counter type="BRANCH" missed="4" covered="0"/><counter type="LINE" missed="24" covered="0"/><counter type="COMPLEXITY" missed="3" covered="0"/><counter type="METHOD" missed="1" covered="0"/></method><method name="installGit" desc="(Lorg/eclipse/aether/artifact/Artifact;Ljava/lang/String;)V" line="868"><counter type="INSTRUCTION" missed="152" covered="0"/><counter type="BRANCH" missed="10" covered="0"/><counter type="LINE" missed="33" covered="0"/><counter type="COMPLEXITY" missed="6" covered="0"/><counter type="METHOD" missed="1" covered="0"/></method><method name="setFilePermissions" desc="(Ljava/io/File;)V" line="915"><counter type="INSTRUCTION" missed="39" covered="0"/><counter type="BRANCH" missed="2" covered="0"/><counter type="LINE" missed="4" covered="0"/><counter type="COMPLEXITY" missed="2" covered="0"/><counter type="METHOD" missed="1" covered="0"/></method><method name="setPosixFilePermissions" desc="(Ljava/nio/file/Path;)V" line="923"><counter type="INSTRUCTION" missed="46" covered="0"/><counter type="LINE" missed="9" covered="0"/><counter type="COMPLEXITY" missed="1" covered="0"/><counter type="METHOD" missed="1" covered="0"/></method><method name="loadArgs" desc="()Ljava/util/List;" line="942"><counter type="INSTRUCTION" missed="544" covered="0"/><counter type="BRANCH" missed="106" covered="0"/><counter type="LINE" missed="127" covered="0"/><counter type="COMPLEXITY" missed="54" covered="0"/><counter type="METHOD" missed="1" covered="0"/></method><method name="isTrue" desc="(Ljava/lang/Boolean;)Z" line="1276"><counter type="INSTRUCTION" missed="7" covered="0"/><counter type="BRANCH" missed="2" covered="0"/><counter type="LINE" missed="3" covered="0"/><counter type="COMPLEXITY" missed="2" covered="0"/><counter type="METHOD" missed="1" covered="0"/></method><method name="&lt;clinit&gt;" desc="()V" line="70"><counter type="INSTRUCTION" missed="6" covered="0"/><counter type="LINE" missed="1" covered="0"/><counter type="COMPLEXITY" missed="1" covered="0"/><counter type="METHOD" missed="1" covered="0"/></method><counter type="INSTRUCTION" missed="1622" covered="0"/><counter type="BRANCH" missed="176" covered="0"/><counter type="LINE" missed="325" covered="0"/><counter type="COMPLEXITY" missed="100" covered="0"/><counter type="METHOD" missed="12" covered="0"/><counter type="CLASS" missed="1" covered="0"/></class><sourcefile name="PortableGit.java"><line nr="56" mi="0" ci="3" mb="0" cb="0"/><line nr="65" mi="0" ci="3" mb="0" cb="0"/><line nr="74" mi="0" ci="3" mb="0" cb="0"/><line nr="83" mi="0" ci="3" mb="0" cb="0"/><line nr="92" mi="0" ci="3" mb="0" cb="0"/><line nr="101" mi="0" ci="3" mb="0" cb="0"/><line nr="113" mi="0" ci="2" mb="0" cb="0"/><line nr="114" mi="0" ci="6" mb="0" cb="0"/><line nr="115" mi="0" ci="4" mb="0" cb="0"/><line nr="116" mi="0" ci="3" mb="0" cb="0"/><line nr="118" mi="0" ci="5" mb="0" cb="0"/><line nr="119" mi="0" ci="5" mb="0" cb="0"/><line nr="120" mi="0" ci="5" mb="0" cb="0"/><line nr="121" mi="0" ci="5" mb="0" cb="0"/><line nr="122" mi="0" ci="5" mb="0" cb="0"/><line nr="123" mi="0" ci="5" mb="0" cb="0"/><line nr="124" mi="1" ci="0" mb="0" cb="0"/><line nr="125" mi="3" ci="0" mb="0" cb="0"/><line nr="126" mi="5" ci="0" mb="0" cb="0"/><line nr="127" mi="0" ci="1" mb="0" cb="0"/><line nr="128" mi="0" ci="1" mb="0" cb="0"/><counter type="INSTRUCTION" missed="9" covered="65"/><counter type="LINE" missed="3" covered="18"/><counter type="COMPLEXITY" missed="0" covered="7"/><counter type="METHOD" missed="0" covered="7"/><counter type="CLASS" missed="0" covered="1"/></sourcefile><sourcefile name="ProcessUtils.java"><line nr="23" mi="3" ci="0" mb="0" cb="0"/><counter type="INSTRUCTION" missed="3" covered="0"/><counter type="LINE" missed="1" covered="0"/><counter type="COMPLEXITY" missed="1" covered="0"/><counter type="METHOD" missed="1" covered="0"/><counter type="CLASS" missed="1" covered="0"/></sourcefile><sourcefile name="MakeselfMojo.java"><line nr="67" mi="3" ci="0" mb="0" cb="0"/><line nr="70" mi="6" ci="0" mb="0" cb="0"/><line nr="595" mi="3" ci="0" mb="2" cb="0"/><line nr="596" mi="3" ci="0" mb="0" cb="0"/><line nr="600" mi="3" ci="0" mb="2" cb="0"/><line nr="601" mi="4" ci="0" mb="0" cb="0"/><line nr="602" mi="1" ci="0" mb="0" cb="0"/><line nr="606" mi="9" ci="0" mb="0" cb="0"/><line nr="607" mi="5" ci="0" mb="2" cb="0"/><line nr="608" mi="10" ci="0" mb="0" cb="0"/><line nr="612" mi="3" ci="0" mb="2" cb="0"/><line nr="614" mi="3" ci="0" mb="2" cb="0"/><line nr="615" mi="5" ci="0" mb="0" cb="0"/><line nr="619" mi="5" ci="0" mb="2" cb="0"/><line nr="620" mi="5" ci="0" mb="0" cb="0"/><line nr="624" mi="14" ci="0" mb="0" cb="0"/><line nr="625" mi="5" ci="0" mb="2" cb="0"/><line nr="626" mi="6" ci="0" mb="0" cb="0"/><line nr="627" mi="9" ci="0" mb="0" cb="0"/><line nr="632" mi="2" ci="0" mb="0" cb="0"/><line nr="635" mi="2" ci="0" mb="2" cb="0"/><line nr="636" mi="13" ci="0" mb="4" cb="0"/><line nr="637" mi="6" ci="0" mb="0" cb="0"/><line nr="638" mi="6" ci="0" mb="0" cb="0"/><line nr="640" mi="2" ci="0" mb="0" cb="0"/><line nr="646" mi="4" ci="0" mb="0" cb="0"/><line nr="647" mi="16" ci="0" mb="0" cb="0"/><line nr="650" mi="4" ci="0" mb="0" cb="0"/><line nr="651" mi="23" ci="0" mb="0" cb="0"/><line nr="655" mi="5" ci="0" mb="2" cb="0"/><line nr="656" mi="1" ci="0" mb="0" cb="0"/><line nr="660" mi="5" ci="0" mb="2" cb="0"/><line nr="661" mi="4" ci="0" mb="0" cb="0"/><line nr="662" mi="23" ci="0" mb="0" cb="0"/><line nr="664" mi="1" ci="0" mb="0" cb="0"/><line nr="668" mi="4" ci="0" mb="0" cb="0"/><line nr="669" mi="14" ci="0" mb="0" cb="0"/><line nr="670" mi="6" ci="0" mb="0" cb="0"/><line nr="671" mi="5" ci="0" mb="0" cb="0"/><line nr="672" mi="8" ci="0" mb="0" cb="0"/><line nr="673" mi="8" ci="0" mb="0" cb="0"/><line nr="674" mi="5" ci="0" mb="0" cb="0"/><line nr="675" mi="5" ci="0" mb="0" cb="0"/><line nr="676" mi="3" ci="0" mb="2" cb="0"/><line nr="677" mi="5" ci="0" mb="0" cb="0"/><line nr="681" mi="4" ci="0" mb="0" cb="0"/><line nr="684" mi="4" ci="0" mb="0" cb="0"/><line nr="685" mi="4" ci="0" mb="0" cb="0"/><line nr="688" mi="4" ci="0" mb="0" cb="0"/><line nr="689" mi="24" ci="0" mb="0" cb="0"/><line nr="692" mi="2" ci="0" mb="2" cb="0"/><line nr="693" mi="4" ci="0" mb="0" cb="0"/><line nr="694" mi="24" ci="0" mb="0" cb="0"/><line nr="698" mi="3" ci="0" mb="2" cb="0"/><line nr="699" mi="4" ci="0" mb="0" cb="0"/><line nr="700" mi="20" ci="0" mb="0" cb="0"/><line nr="702" mi="1" ci="0" mb="0" cb="0"/><line nr="703" mi="5" ci="0" mb="0" cb="0"/><line nr="704" mi="1" ci="0" mb="0" cb="0"/><line nr="705" mi="5" ci="0" mb="0" cb="0"/><line nr="707" mi="2" ci="0" mb="0" cb="0"/><line nr="708" mi="2" ci="0" mb="0" cb="0"/><line nr="709" mi="1" ci="0" mb="0" cb="0"/><line nr="714" mi="6" ci="0" mb="0" cb="0"/><line nr="717" mi="5" ci="0" mb="0" cb="0"/><line nr="718" mi="4" ci="0" mb="0" cb="0"/><line nr="721" mi="2" ci="0" mb="2" cb="0"/><line nr="722" mi="3" ci="0" mb="0" cb="0"/><line nr="723" mi="6" ci="0" mb="0" cb="0"/><line nr="724" mi="8" ci="0" mb="0" cb="0"/><line nr="725" mi="7" ci="0" mb="0" cb="0"/><line nr="727" mi="4" ci="0" mb="2" cb="0"/><line nr="728" mi="10" ci="0" mb="0" cb="0"/><line nr="729" mi="9" ci="0" mb="0" cb="0"/><line nr="731" mi="4" ci="0" mb="2" cb="0"/><line nr="732" mi="7" ci="0" mb="0" cb="0"/><line nr="733" mi="6" ci="0" mb="0" cb="0"/><line nr="734" mi="8" ci="0" mb="0" cb="0"/><line nr="739" mi="3" ci="0" mb="0" cb="0"/><line nr="742" mi="5" ci="0" mb="0" cb="0"/><line nr="743" mi="5" ci="0" mb="0" cb="0"/><line nr="744" mi="2" ci="0" mb="0" cb="0"/><line nr="745" mi="5" ci="0" mb="2" cb="0"/><line nr="746" mi="5" ci="0" mb="0" cb="0"/><line nr="748" mi="4" ci="0" mb="0" cb="0"/><line nr="752" mi="3" ci="0" mb="0" cb="0"/><line nr="753" mi="2" ci="0" mb="2" cb="0"/><line nr="754" mi="16" ci="0" mb="0" cb="0"/><line nr="758" mi="4" ci="0" mb="4" cb="0"/><line nr="759" mi="17" ci="0" mb="0" cb="0"/><line nr="760" mi="4" ci="0" mb="0" cb="0"/><line nr="762" mi="1" ci="0" mb="0" cb="0"/><line nr="768" mi="4" ci="0" mb="0" cb="0"/><line nr="771" mi="7" ci="0" mb="0" cb="0"/><line nr="772" mi="9" ci="0" mb="4" cb="0"/><line nr="773" mi="17" ci="0" mb="0" cb="0"/><line nr="774" mi="1" ci="0" mb="0" cb="0"/><line nr="776" mi="17" ci="0" mb="0" cb="0"/><line nr="778" mi="4" ci="0" mb="0" cb="0"/><line nr="781" mi="7" ci="0" mb="0" cb="0"/><line nr="782" mi="6" ci="0" mb="2" cb="0"/><line nr="783" mi="4" ci="0" mb="0" cb="0"/><line nr="784" mi="4" ci="0" mb="0" cb="0"/><line nr="785" mi="4" ci="0" mb="0" cb="0"/><line nr="786" mi="6" ci="0" mb="0" cb="0"/><line nr="787" mi="5" ci="0" mb="0" cb="0"/><line nr="788" mi="3" ci="0" mb="0" cb="0"/><line nr="789" mi="1" ci="0" mb="0" cb="0"/><line nr="790" mi="5" ci="0" mb="0" cb="0"/><line nr="791" mi="1" ci="0" mb="0" cb="0"/><line nr="795" mi="6" ci="0" mb="0" cb="0"/><line nr="796" mi="5" ci="0" mb="2" cb="0"/><line nr="797" mi="4" ci="0" mb="0" cb="0"/><line nr="798" mi="4" ci="0" mb="0" cb="0"/><line nr="799" mi="3" ci="0" mb="0" cb="0"/><line nr="800" mi="6" ci="0" mb="0" cb="0"/><line nr="801" mi="4" ci="0" mb="0" cb="0"/><line nr="802" mi="3" ci="0" mb="0" cb="0"/><line nr="803" mi="1" ci="0" mb="0" cb="0"/><line nr="804" mi="5" ci="0" mb="0" cb="0"/><line nr="805" mi="1" ci="0" mb="0" cb="0"/><line nr="807" mi="1" ci="0" mb="0" cb="0"/><line nr="817" mi="7" ci="0" mb="0" cb="0"/><line nr="820" mi="2" ci="0" mb="0" cb="0"/><line nr="821" mi="1" ci="0" mb="0" cb="0"/><line nr="830" mi="8" ci="0" mb="0" cb="0"/><line nr="831" mi="7" ci="0" mb="0" cb="0"/><line nr="832" mi="8" ci="0" mb="2" cb="0"/><line nr="833" mi="5" ci="0" mb="0" cb="0"/><line nr="834" mi="4" ci="0" mb="0" cb="0"/><line nr="835" mi="1" ci="0" mb="0" cb="0"/><line nr="838" mi="4" ci="0" mb="0" cb="0"/><line nr="839" mi="10" ci="0" mb="0" cb="0"/><line nr="840" mi="9" ci="0" mb="0" cb="0"/><line nr="841" mi="7" ci="0" mb="0" cb="0"/><line nr="842" mi="2" ci="0" mb="0" cb="0"/><line nr="843" mi="2" ci="0" mb="0" cb="0"/><line nr="845" mi="7" ci="0" mb="0" cb="0"/><line nr="846" mi="3" ci="0" mb="2" cb="0"/><line nr="847" mi="5" ci="0" mb="0" cb="0"/><line nr="848" mi="6" ci="0" mb="0" cb="0"/><line nr="849" mi="4" ci="0" mb="0" cb="0"/><line nr="851" mi="1" ci="0" mb="0" cb="0"/><line nr="852" mi="3" ci="0" mb="0" cb="0"/><line nr="853" mi="4" ci="0" mb="0" cb="0"/><line nr="854" mi="8" ci="0" mb="0" cb="0"/><line nr="855" mi="1" ci="0" mb="0" cb="0"/><line nr="856" mi="5" ci="0" mb="0" cb="0"/><line nr="857" mi="1" ci="0" mb="0" cb="0"/><line nr="868" mi="2" ci="0" mb="0" cb="0"/><line nr="872" mi="7" ci="0" mb="0" cb="0"/><line nr="873" mi="5" ci="0" mb="0" cb="0"/><line nr="874" mi="5" ci="0" mb="0" cb="0"/><line nr="875" mi="5" ci="0" mb="0" cb="0"/><line nr="877" mi="8" ci="0" mb="0" cb="0"/><line nr="878" mi="3" ci="0" mb="0" cb="0"/><line nr="879" mi="5" ci="0" mb="2" cb="0"/><line nr="880" mi="3" ci="0" mb="2" cb="0"/><line nr="881" mi="1" ci="0" mb="0" cb="0"/><line nr="883" mi="10" ci="0" mb="0" cb="0"/><line nr="884" mi="5" ci="0" mb="2" cb="0"/><line nr="885" mi="5" ci="0" mb="0" cb="0"/><line nr="887" mi="3" ci="0" mb="0" cb="0"/><line nr="888" mi="5" ci="0" mb="2" cb="0"/><line nr="889" mi="5" ci="0" mb="0" cb="0"/><line nr="891" mi="7" ci="0" mb="0" cb="0"/><line nr="892" mi="10" ci="0" mb="0" cb="0"/><line nr="893" mi="1" ci="0" mb="0" cb="0"/><line nr="894" mi="1" ci="0" mb="0" cb="0"/><line nr="895" mi="5" ci="0" mb="0" cb="0"/><line nr="896" mi="1" ci="0" mb="0" cb="0"/><line nr="899" mi="2" ci="0" mb="2" cb="0"/><line nr="901" mi="4" ci="0" mb="0" cb="0"/><line nr="902" mi="23" ci="0" mb="0" cb="0"/><line nr="903" mi="4" ci="0" mb="0" cb="0"/><line nr="905" mi="1" ci="0" mb="0" cb="0"/><line nr="906" mi="5" ci="0" mb="0" cb="0"/><line nr="907" mi="1" ci="0" mb="0" cb="0"/><line nr="908" mi="5" ci="0" mb="0" cb="0"/><line nr="910" mi="2" ci="0" mb="0" cb="0"/><line nr="911" mi="2" ci="0" mb="0" cb="0"/><line nr="912" mi="1" ci="0" mb="0" cb="0"/><line nr="915" mi="5" ci="0" mb="2" cb="0"/><line nr="916" mi="17" ci="0" mb="0" cb="0"/><line nr="918" mi="16" ci="0" mb="0" cb="0"/><line nr="920" mi="1" ci="0" mb="0" cb="0"/><line nr="923" mi="3" ci="0" mb="0" cb="0"/><line nr="926" mi="4" ci="0" mb="0" cb="0"/><line nr="927" mi="24" ci="0" mb="0" cb="0"/><line nr="928" mi="1" ci="0" mb="0" cb="0"/><line nr="929" mi="5" ci="0" mb="0" cb="0"/><line nr="930" mi="1" ci="0" mb="0" cb="0"/><line nr="932" mi="5" ci="0" mb="0" cb="0"/><line nr="933" mi="2" ci="0" mb="0" cb="0"/><line nr="934" mi="1" ci="0" mb="0" cb="0"/><line nr="942" mi="4" ci="0" mb="0" cb="0"/><line nr="944" mi="5" ci="0" mb="0" cb="0"/><line nr="947" mi="5" ci="0" mb="2" cb="0"/><line nr="948" mi="4" ci="0" mb="0" cb="0"/><line nr="952" mi="5" ci="0" mb="2" cb="0"/><line nr="953" mi="4" ci="0" mb="0" cb="0"/><line nr="957" mi="5" ci="0" mb="2" cb="0"/><line nr="958" mi="4" ci="0" mb="0" cb="0"/><line nr="964" mi="5" ci="0" mb="2" cb="0"/><line nr="965" mi="4" ci="0" mb="0" cb="0"/><line nr="971" mi="5" ci="0" mb="2" cb="0"/><line nr="972" mi="4" ci="0" mb="0" cb="0"/><line nr="978" mi="5" ci="0" mb="2" cb="0"/><line nr="979" mi="4" ci="0" mb="0" cb="0"/><line nr="985" mi="5" ci="0" mb="2" cb="0"/><line nr="986" mi="4" ci="0" mb="0" cb="0"/><line nr="992" mi="5" ci="0" mb="2" cb="0"/><line nr="993" mi="4" ci="0" mb="0" cb="0"/><line nr="999" mi="5" ci="0" mb="2" cb="0"/><line nr="1000" mi="4" ci="0" mb="0" cb="0"/><line nr="1004" mi="5" ci="0" mb="2" cb="0"/><line nr="1005" mi="4" ci="0" mb="0" cb="0"/><line nr="1009" mi="5" ci="0" mb="2" cb="0"/><line nr="1010" mi="4" ci="0" mb="0" cb="0"/><line nr="1014" mi="5" ci="0" mb="2" cb="0"/><line nr="1015" mi="4" ci="0" mb="0" cb="0"/><line nr="1020" mi="5" ci="0" mb="2" cb="0"/><line nr="1021" mi="4" ci="0" mb="0" cb="0"/><line nr="1025" mi="5" ci="0" mb="2" cb="0"/><line nr="1026" mi="4" ci="0" mb="0" cb="0"/><line nr="1031" mi="5" ci="0" mb="2" cb="0"/><line nr="1032" mi="4" ci="0" mb="0" cb="0"/><line nr="1036" mi="3" ci="0" mb="2" cb="0"/><line nr="1037" mi="4" ci="0" mb="0" cb="0"/><line nr="1038" mi="5" ci="0" mb="0" cb="0"/><line nr="1044" mi="3" ci="0" mb="2" cb="0"/><line nr="1045" mi="4" ci="0" mb="0" cb="0"/><line nr="1046" mi="5" ci="0" mb="0" cb="0"/><line nr="1050" mi="5" ci="0" mb="2" cb="0"/><line nr="1051" mi="4" ci="0" mb="0" cb="0"/><line nr="1056" mi="5" ci="0" mb="2" cb="0"/><line nr="1057" mi="4" ci="0" mb="0" cb="0"/><line nr="1061" mi="3" ci="0" mb="2" cb="0"/><line nr="1062" mi="4" ci="0" mb="0" cb="0"/><line nr="1063" mi="6" ci="0" mb="0" cb="0"/><line nr="1067" mi="3" ci="0" mb="2" cb="0"/><line nr="1068" mi="4" ci="0" mb="0" cb="0"/><line nr="1069" mi="5" ci="0" mb="0" cb="0"/><line nr="1073" mi="5" ci="0" mb="2" cb="0"/><line nr="1074" mi="4" ci="0" mb="0" cb="0"/><line nr="1078" mi="5" ci="0" mb="2" cb="0"/><line nr="1079" mi="4" ci="0" mb="0" cb="0"/><line nr="1083" mi="5" ci="0" mb="2" cb="0"/><line nr="1084" mi="4" ci="0" mb="0" cb="0"/><line nr="1091" mi="3" ci="0" mb="2" cb="0"/><line nr="1092" mi="4" ci="0" mb="0" cb="0"/><line nr="1093" mi="6" ci="0" mb="0" cb="0"/><line nr="1099" mi="5" ci="0" mb="2" cb="0"/><line nr="1100" mi="4" ci="0" mb="0" cb="0"/><line nr="1104" mi="5" ci="0" mb="2" cb="0"/><line nr="1105" mi="4" ci="0" mb="0" cb="0"/><line nr="1110" mi="5" ci="0" mb="2" cb="0"/><line nr="1111" mi="4" ci="0" mb="0" cb="0"/><line nr="1116" mi="5" ci="0" mb="2" cb="0"/><line nr="1117" mi="4" ci="0" mb="0" cb="0"/><line nr="1121" mi="5" ci="0" mb="2" cb="0"/><line nr="1122" mi="4" ci="0" mb="0" cb="0"/><line nr="1128" mi="5" ci="0" mb="2" cb="0"/><line nr="1129" mi="4" ci="0" mb="0" cb="0"/><line nr="1135" mi="3" ci="0" mb="2" cb="0"/><line nr="1136" mi="4" ci="0" mb="0" cb="0"/><line nr="1137" mi="5" ci="0" mb="0" cb="0"/><line nr="1142" mi="3" ci="0" mb="2" cb="0"/><line nr="1143" mi="4" ci="0" mb="0" cb="0"/><line nr="1144" mi="5" ci="0" mb="0" cb="0"/><line nr="1149" mi="3" ci="0" mb="2" cb="0"/><line nr="1150" mi="4" ci="0" mb="0" cb="0"/><line nr="1151" mi="5" ci="0" mb="0" cb="0"/><line nr="1158" mi="5" ci="0" mb="2" cb="0"/><line nr="1159" mi="4" ci="0" mb="0" cb="0"/><line nr="1163" mi="5" ci="0" mb="2" cb="0"/><line nr="1164" mi="4" ci="0" mb="0" cb="0"/><line nr="1168" mi="5" ci="0" mb="2" cb="0"/><line nr="1169" mi="4" ci="0" mb="0" cb="0"/><line nr="1174" mi="5" ci="0" mb="2" cb="0"/><line nr="1175" mi="4" ci="0" mb="0" cb="0"/><line nr="1180" mi="5" ci="0" mb="2" cb="0"/><line nr="1181" mi="4" ci="0" mb="0" cb="0"/><line nr="1185" mi="5" ci="0" mb="2" cb="0"/><line nr="1186" mi="4" ci="0" mb="0" cb="0"/><line nr="1193" mi="3" ci="0" mb="2" cb="0"/><line nr="1194" mi="4" ci="0" mb="0" cb="0"/><line nr="1195" mi="5" ci="0" mb="0" cb="0"/><line nr="1199" mi="3" ci="0" mb="2" cb="0"/><line nr="1200" mi="4" ci="0" mb="0" cb="0"/><line nr="1201" mi="5" ci="0" mb="0" cb="0"/><line nr="1206" mi="3" ci="0" mb="2" cb="0"/><line nr="1207" mi="4" ci="0" mb="0" cb="0"/><line nr="1208" mi="5" ci="0" mb="0" cb="0"/><line nr="1214" mi="3" ci="0" mb="2" cb="0"/><line nr="1215" mi="4" ci="0" mb="0" cb="0"/><line nr="1216" mi="5" ci="0" mb="0" cb="0"/><line nr="1220" mi="3" ci="0" mb="2" cb="0"/><line nr="1221" mi="4" ci="0" mb="0" cb="0"/><line nr="1222" mi="5" ci="0" mb="0" cb="0"/><line nr="1226" mi="3" ci="0" mb="2" cb="0"/><line nr="1227" mi="4" ci="0" mb="0" cb="0"/><line nr="1228" mi="5" ci="0" mb="0" cb="0"/><line nr="1233" mi="3" ci="0" mb="2" cb="0"/><line nr="1234" mi="4" ci="0" mb="0" cb="0"/><line nr="1235" mi="5" ci="0" mb="0" cb="0"/><line nr="1240" mi="5" ci="0" mb="2" cb="0"/><line nr="1241" mi="4" ci="0" mb="0" cb="0"/><line nr="1245" mi="5" ci="0" mb="2" cb="0"/><line nr="1246" mi="4" ci="0" mb="0" cb="0"/><line nr="1250" mi="3" ci="0" mb="2" cb="0"/><line nr="1251" mi="4" ci="0" mb="0" cb="0"/><line nr="1252" mi="5" ci="0" mb="0" cb="0"/><line nr="1256" mi="3" ci="0" mb="2" cb="0"/><line nr="1257" mi="4" ci="0" mb="0" cb="0"/><line nr="1258" mi="5" ci="0" mb="0" cb="0"/><line nr="1262" mi="5" ci="0" mb="2" cb="0"/><line nr="1263" mi="4" ci="0" mb="0" cb="0"/><line nr="1267" mi="3" ci="0" mb="2" cb="0"/><line nr="1268" mi="4" ci="0" mb="0" cb="0"/><line nr="1269" mi="5" ci="0" mb="0" cb="0"/><line nr="1272" mi="2" ci="0" mb="0" cb="0"/><line nr="1276" mi="2" ci="0" mb="2" cb="0"/><line nr="1277" mi="3" ci="0" mb="0" cb="0"/><line nr="1279" mi="2" ci="0" mb="0" cb="0"/><counter type="INSTRUCTION" missed="1622" covered="0"/><counter type="BRANCH" missed="176" covered="0"/><counter type="LINE" missed="325" covered="0"/><counter type="COMPLEXITY" missed="100" covered="0"/><counter type="METHOD" missed="12" covered="0"/><counter type="CLASS" missed="1" covered="0"/></sourcefile><counter type="INSTRUCTION" missed="1634" covered="65"/><counter type="BRANCH" missed="176" covered="0"/><counter type="LINE" missed="329" covered="18"/><counter type="COMPLEXITY" missed="101" covered="7"/><counter type="METHOD" missed="13" covered="7"/><counter type="CLASS" missed="2" covered="1"/></package><counter type="INSTRUCTION" missed="2407" covered="65"/><counter type="BRANCH" missed="288" covered="0"/><counter type="LINE" missed="485" covered="18"/><counter type="COMPLEXITY" missed="173" covered="7"/><counter type="METHOD" missed="29" covered="7"/><counter type="CLASS" missed="3" covered="1"/></report>